<?xml version="1.0" encoding="utf-8"?><testsuites name="pytest tests"><testsuite name="pytest" errors="0" failures="0" skipped="0" tests="329" time="5.872" timestamp="2026-04-26T16:38:40.731211-04:00" hostname="JuniorWOPR"><testcase classname="tests.layered_invariants_test.TestToolIRClosure" name="test_validate_tool_result_derives_deterministic_id" time="0.001" /><testcase classname="tests.layered_invariants_test.TestToolIRClosure" name="test_validate_tool_request_accepts_valid" time="0.000" /><testcase classname="tests.layered_invariants_test.TestToolIRClosure" name="test_batch_validation_separates_valid_and_invalid" time="0.000" /><testcase classname="tests.layered_invariants_test.TestToolIRClosure" name="test_bijection_proof_with_matching_log_and_results" time="0.000" /><testcase classname="tests.layered_invariants_test.TestToolIRClosure" name="test_validate_tool_result_accepts_valid" time="0.000" /><testcase classname="tests.layered_invariants_test.TestToolIRClosure" name="test_validate_tool_request_rejects_unknown_tool" time="0.000" /><testcase classname="tests.layered_invariants_test.TestToolIRClosure" name="test_assert_bijection_raises_on_mismatch" time="0.000" /><testcase classname="tests.layered_invariants_test.TestToolIRClosure" name="test_validate_tool_request_rejects_empty_expected_output" time="0.000" /><testcase classname="tests.layered_invariants_test.TestToolIRClosure" name="test_validate_tool_request_rejects_negative_priority" time="0.000" /><testcase classname="tests.layered_invariants_test.TestToolIRClosure" name="test_validate_tool_result_rejects_unknown_status" time="0.000" /><testcase classname="tests.layered_invariants_test.TestToolIRClosure" name="test_bijection_proof_detects_orphan_events" time="0.000" /><testcase classname="tests.layered_invariants_test.TestToolIRClosure" name="test_validate_tool_request_rejects_unknown_intent" time="0.000" /><testcase classname="tests.layered_invariants_test.TestGraphAlgebra" name="test_identity_is_empty_dag" time="0.000" /><testcase classname="tests.layered_invariants_test.TestGraphAlgebra" name="test_identity_right_law" time="0.000" /><testcase classname="tests.layered_invariants_test.TestGraphAlgebra" name="test_associativity_proof" time="0.000" /><testcase classname="tests.layered_invariants_test.TestGraphAlgebra" name="test_compose_all_single_is_identity_law" time="0.000" /><testcase classname="tests.layered_invariants_test.TestGraphAlgebra" name="test_identity_left_law" time="0.000" /><testcase classname="tests.layered_invariants_test.TestGraphAlgebra" name="test_compose_all_empty_is_identity" time="0.000" /><testcase classname="tests.layered_invariants_test.TestGraphAlgebra" name="test_merge_hash_is_deterministic" time="0.000" /><testcase classname="tests.layered_invariants_test.TestGraphAlgebra" name="test_compose_with_identity_is_identity_law" time="0.000" /><testcase classname="tests.layered_invariants_test.TestGraphAlgebra" name="test_compose_deduplicates_nodes" time="0.000" /><testcase classname="tests.layered_invariants_test.TestGraphAlgebra" name="test_compose_produces_dag" time="0.000" /><testcase classname="tests.layered_invariants_test.TestCriticConstraints" name="test_constraint_by_id_lookup" time="0.000" /><testcase classname="tests.layered_invariants_test.TestCriticConstraints" name="test_violation_list_is_typed" time="0.000" /><testcase classname="tests.layered_invariants_test.TestCriticConstraints" name="test_needs_revision_below_threshold_at_iteration_zero" time="0.000" /><testcase classname="tests.layered_invariants_test.TestCriticConstraints" name="test_fails_on_empty_reply" time="0.000" /><testcase classname="tests.layered_invariants_test.TestCriticConstraints" name="test_satisfaction_ratio_is_fraction" time="0.000" /><testcase classname="tests.layered_invariants_test.TestCriticConstraints" name="test_needs_revision_false_at_max_iterations" time="0.000" /><testcase classname="tests.layered_invariants_test.TestCriticConstraints" name="test_default_constraints_count" time="0.000" /><testcase classname="tests.layered_invariants_test.TestCriticConstraints" name="test_result_to_dict" time="0.000" /><testcase classname="tests.layered_invariants_test.TestCriticConstraints" name="test_fails_on_fallback_phrase" time="0.000" /><testcase classname="tests.layered_invariants_test.TestCriticConstraints" name="test_passes_on_good_reply" time="0.000" /><testcase classname="tests.layered_invariants_test.TestEventAuthority" name="test_rebuild_state_is_pure" time="0.000" /><testcase classname="tests.layered_invariants_test.TestEventAuthority" name="test_event_count_tracks_appends" time="0.000" /><testcase classname="tests.layered_invariants_test.TestEventAuthority" name="test_append_makes_authority_defined" time="0.000" /><testcase classname="tests.layered_invariants_test.TestEventAuthority" name="test_authority_hash_changes_on_new_event" time="0.000" /><testcase classname="tests.layered_invariants_test.TestEventAuthority" name="test_standalone_rebuild_state_from_events" time="0.000" /><testcase classname="tests.layered_invariants_test.TestEventAuthority" name="test_rebuild_state_does_not_affect_authority" time="0.000" /><testcase classname="tests.layered_invariants_test.TestEventAuthority" name="test_derive_state_is_dict" time="0.000" /><testcase classname="tests.layered_invariants_test.TestEventAuthority" name="test_read_from_filters_by_sequence" time="0.000" /><testcase classname="tests.layered_invariants_test.TestEventAuthority" name="test_batch_append" time="0.000" /><testcase classname="tests.layered_invariants_test.TestEventAuthority" name="test_derive_state_raises_when_undefined" time="0.000" /><testcase classname="tests.layered_invariants_test.TestEventAuthority" name="test_empty_authority_is_not_defined" time="0.000" /><testcase classname="tests.layered_invariants_test.TestEventAuthority" name="test_assert_defined_raises_when_empty" time="0.000" /><testcase classname="tests.layered_invariants_test.TestEventAuthority" name="test_to_dict_contains_expected_keys" time="0.000" /><testcase classname="tests.layered_invariants_test.TestEventAuthority" name="test_head_sequence_advances" time="0.000" /><testcase classname="tests.layered_invariants_test.TestEventAuthority" name="test_head_sequence_minus_one_when_empty" time="0.000" /><testcase classname="tests.layered_invariants_test.TestEventAuthority" name="test_authority_hash_stable_after_same_events" time="0.000" /><testcase classname="tests.layered_invariants_test.TestDagIntegrityLock" name="test_identical_dags_produce_identical_locks" time="0.001" /><testcase classname="tests.layered_invariants_test.TestDagIntegrityLock" name="test_different_dags_produce_different_semantic_hashes" time="0.000" /><testcase classname="tests.layered_invariants_test.TestDagIntegrityLock" name="test_lock_dag_returns_storable_dict" time="0.000" /><testcase classname="tests.layered_invariants_test.TestDagIntegrityLock" name="test_replay_invariant_raises_for_different_dags" time="0.000" /><testcase classname="tests.layered_invariants_test.TestDagIntegrityLock" name="test_identity_lock_from_dag" time="0.000" /><testcase classname="tests.layered_invariants_test.TestDagIntegrityLock" name="test_structural_equivalence_holds_for_same_topology" time="0.000" /><testcase classname="tests.layered_invariants_test.TestDagIntegrityLock" name="test_semantic_equivalence_holds_for_same_content" time="0.000" /><testcase classname="tests.layered_invariants_test.TestDagIntegrityLock" name="test_semantic_equivalence_fails_for_different_content" time="0.000" /><testcase classname="tests.layered_invariants_test.TestDagIntegrityLock" name="test_replay_proof_is_non_raising" time="0.000" /><testcase classname="tests.layered_invariants_test.TestDagIntegrityLock" name="test_replay_invariant_passes_for_identical_dags" time="0.000" /><testcase classname="tests.layered_invariants_test.TestDagIntegrityLock" name="test_equivalence_proof_both_equivalent" time="0.000" /><testcase classname="tests.layered_invariants_test.TestEvolutionHooks" name="test_telemetry_vector_to_feature_vector" time="0.000" /><testcase classname="tests.layered_invariants_test.TestEvolutionHooks" name="test_optimization_boundary_default" time="0.000" /><testcase classname="tests.layered_invariants_test.TestEvolutionHooks" name="test_policy_separation_layer_to_dict" time="0.000" /><testcase classname="tests.layered_invariants_test.TestEvolutionHooks" name="test_policy_separation_layer_defaults" time="0.000" /><testcase classname="tests.layered_invariants_test.TestEvolutionHooks" name="test_clear_hooks_removes_all" time="0.000" /><testcase classname="tests.layered_invariants_test.TestEvolutionHooks" name="test_graph_introspection_registers_hooks" time="0.000" /><testcase classname="tests.layered_invariants_test.TestEvolutionHooks" name="test_telemetry_vector_to_dict" time="0.000" /><testcase classname="tests.layered_invariants_test.TestEvolutionHooks" name="test_telemetry_vector_event_count_position" time="0.000" /><testcase classname="tests.layered_invariants_test.TestEvolutionHooks" name="test_optimization_boundary_hash_stable" time="0.000" /><testcase classname="tests.layered_invariants_test.TestEvolutionHooks" name="test_optimization_boundary_to_dict" time="0.000" /><testcase classname="tests.layered_invariants_test.TestEvolutionHooks" name="test_graph_introspection_is_read_only" time="0.000" /><testcase classname="tests.layered_invariants_test.TestStatelessExecutor" name="test_different_inputs_produce_different_hashes" time="0.000" /><testcase classname="tests.layered_invariants_test.TestStatelessExecutor" name="test_is_bootstrapped_false_with_empty_log" time="0.000" /><testcase classname="tests.layered_invariants_test.TestStatelessExecutor" name="test_state_is_derived_not_stored" time="0.000" /><testcase classname="tests.layered_invariants_test.TestStatelessExecutor" name="test_event_log_is_immutable_tuple" time="0.000" /><testcase classname="tests.layered_invariants_test.TestStatelessExecutor" name="test_execute_sets_bootstrapped_false_for_empty_log" time="0.000" /><testcase classname="tests.layered_invariants_test.TestStatelessExecutor" name="test_execute_sets_bootstrapped_true" time="0.000" /><testcase classname="tests.layered_invariants_test.TestStatelessExecutor" name="test_is_bootstrapped_true_with_session_events" time="0.000" /><testcase classname="tests.layered_invariants_test.TestStatelessExecutor" name="test_reconstructed_is_always_true" time="0.000" /><testcase classname="tests.layered_invariants_test.TestStatelessExecutor" name="test_execute_is_deterministic" time="0.000" /><testcase classname="tests.layered_invariants_test.TestStatelessExecutor" name="test_is_bootstrapped_false_with_only_tool_events" time="0.000" /><testcase classname="tests.layered_invariants_test.TestStatelessExecutor" name="test_execute_returns_stateless_result" time="0.000" /><testcase classname="tests.layered_invariants_test.TestStatelessExecutor" name="test_executor_is_bootstrapped_method" time="0.000" /><testcase classname="tests.layered_invariants_test.TestStatelessExecutor" name="test_replay_execution_verifies_determinism" time="0.000" /><testcase classname="tests.layered_invariants_test.TestMemoryStateSpace" name="test_vector_from_empty_list" time="0.000" /><testcase classname="tests.layered_invariants_test.TestMemoryStateSpace" name="test_ranker_operator_produces_same_dimension" time="0.000" /><testcase classname="tests.layered_invariants_test.TestMemoryStateSpace" name="test_goal_weighting_identity_when_no_goals" time="0.000" /><testcase classname="tests.layered_invariants_test.TestMemoryStateSpace" name="test_projection_preserves_entries" time="0.000" /><testcase classname="tests.layered_invariants_test.TestMemoryStateSpace" name="test_different_memories_produce_different_hash" time="0.000" /><testcase classname="tests.layered_invariants_test.TestMemoryStateSpace" name="test_same_memories_produce_same_hash" time="0.000" /><testcase classname="tests.layered_invariants_test.TestMemoryStateSpace" name="test_projection_reduces_dimension" time="0.000" /><testcase classname="tests.layered_invariants_test.TestMemoryStateSpace" name="test_ranker_places_relevant_first" time="0.000" /><testcase classname="tests.layered_invariants_test.TestMemoryStateSpace" name="test_goal_weighting_gives_higher_weight_for_relevant" time="0.000" /><testcase classname="tests.layered_invariants_test.TestMemoryStateSpace" name="test_vector_from_memories_has_correct_dimension" time="0.000" /><testcase classname="tests.layered_invariants_test.TestScheduleConfluence" name="test_confluence_proof_confluent_for_single_node_dag" time="0.000" /><testcase classname="tests.layered_invariants_test.TestScheduleConfluence" name="test_confluence_proof_records_seeds" time="0.000" /><testcase classname="tests.layered_invariants_test.TestScheduleConfluence" name="test_equivalence_checker_two_schedules_same_dag" time="0.000" /><testcase classname="tests.layered_invariants_test.TestScheduleConfluence" name="test_normalizer_produces_different_hashes_for_different_dags" time="0.000" /><testcase classname="tests.layered_invariants_test.TestScheduleConfluence" name="test_confluence_proof_confluent_for_chain_dag" time="0.000" /><testcase classname="tests.layered_invariants_test.TestScheduleConfluence" name="test_normalizer_produces_same_hash_for_same_dag_different_seeds" time="0.000" /><testcase classname="tests.layered_invariants_test.TestScheduleConfluence" name="test_confluence_proof_to_dict" time="0.000" /><testcase classname="tests.tool_system_completion_test.TestToolIdempotency" name="test_canonical_request_hash_differs_by_tool_name" time="0.000" /><testcase classname="tests.tool_system_completion_test.TestToolIdempotency" name="test_canonical_result_class_stable" time="0.000" /><testcase classname="tests.tool_system_completion_test.TestToolIdempotency" name="test_assert_idempotent_raise_on_mismatch" time="0.000" /><testcase classname="tests.tool_system_completion_test.TestToolIdempotency" name="test_canonical_request_hash_stable" time="0.000" /><testcase classname="tests.tool_system_completion_test.TestToolIdempotency" name="test_registry_increments_hit_count" time="0.000" /><testcase classname="tests.tool_system_completion_test.TestToolIdempotency" name="test_is_cache_hit_false_before_register" time="0.000" /><testcase classname="tests.tool_system_completion_test.TestToolIdempotency" name="test_idempotency_proof_registered" time="0.000" /><testcase classname="tests.tool_system_completion_test.TestToolIdempotency" name="test_assert_idempotent_no_raise_on_match" time="0.000" /><testcase classname="tests.tool_system_completion_test.TestToolIdempotency" name="test_infer_output_type_coverage" time="0.000" /><testcase classname="tests.tool_system_completion_test.TestToolIdempotency" name="test_canonical_request_hash_differs_by_args" time="0.000" /><testcase classname="tests.tool_system_completion_test.TestToolIdempotency" name="test_registry_raises_on_class_change" time="0.000" /><testcase classname="tests.tool_system_completion_test.TestToolIdempotency" name="test_registry_same_class_no_violation" time="0.000" /><testcase classname="tests.tool_system_completion_test.TestToolIdempotency" name="test_registry_registers_first_call" time="0.000" /><testcase classname="tests.tool_system_completion_test.TestToolIdempotency" name="test_idempotency_proof_unregistered" time="0.000" /><testcase classname="tests.tool_system_completion_test.TestToolIdempotency" name="test_is_cache_hit_true_after_register" time="0.000" /><testcase classname="tests.tool_system_completion_test.TestFailurePropagation" name="test_execution_error_factory_unrecoverable" time="0.000" /><testcase classname="tests.tool_system_completion_test.TestFailurePropagation" name="test_should_skip" time="0.000" /><testcase classname="tests.tool_system_completion_test.TestFailurePropagation" name="test_failure_log_to_list" time="0.000" /><testcase classname="tests.tool_system_completion_test.TestFailurePropagation" name="test_validation_error_factory" time="0.000" /><testcase classname="tests.tool_system_completion_test.TestFailurePropagation" name="test_failure_log_recoverable_list" time="0.000" /><testcase classname="tests.tool_system_completion_test.TestFailurePropagation" name="test_should_retry" time="0.000" /><testcase classname="tests.tool_system_completion_test.TestFailurePropagation" name="test_failure_to_dict" time="0.000" /><testcase classname="tests.tool_system_completion_test.TestFailurePropagation" name="test_unsupported_tool_factory" time="0.000" /><testcase classname="tests.tool_system_completion_test.TestFailurePropagation" name="test_execution_error_factory_recoverable" time="0.000" /><testcase classname="tests.tool_system_completion_test.TestFailurePropagation" name="test_failure_log_has_halt" time="0.000" /><testcase classname="tests.tool_system_completion_test.TestResourceModel" name="test_within_budget_single_tool" time="0.000" /><testcase classname="tests.tool_system_completion_test.TestResourceModel" name="test_strict_budget_created" time="0.000" /><testcase classname="tests.tool_system_completion_test.TestResourceModel" name="test_default_catalog_has_memory_lookup" time="0.000" /><testcase classname="tests.tool_system_completion_test.TestResourceModel" name="test_degrade_policy_drops_excess_tools" time="0.000" /><testcase classname="tests.tool_system_completion_test.TestResourceModel" name="test_default_budget_created" time="0.000" /><testcase classname="tests.tool_system_completion_test.TestResourceModel" name="test_compress_policy_approves_all_but_marks_exhausted" time="0.000" /><testcase classname="tests.tool_system_completion_test.TestResourceModel" name="test_budget_report_has_hash" time="0.000" /><testcase classname="tests.tool_system_completion_test.TestResourceModel" name="test_budget_report_to_dict" time="0.000" /><testcase classname="tests.tool_system_completion_test.TestResourceModel" name="test_custom_catalog_register" time="0.000" /><testcase classname="tests.tool_system_completion_test.TestResourceModel" name="test_empty_plan_within_budget" time="0.000" /><testcase classname="tests.tool_system_completion_test.TestResourceModel" name="test_skip_policy_rejects_all_if_over_budget" time="0.000" /><testcase classname="tests.tool_system_completion_test.TestToolDependency" name="test_runnable_node_ids_filters_blocked" time="0.000" /><testcase classname="tests.tool_system_completion_test.TestToolDependency" name="test_has_goals_predicate" time="0.000" /><testcase classname="tests.tool_system_completion_test.TestToolDependency" name="test_dependency_graph_hash_stable" time="0.000" /><testcase classname="tests.tool_system_completion_test.TestToolDependency" name="test_soft_dep_degraded_when_source_missing" time="0.000" /><testcase classname="tests.tool_system_completion_test.TestToolDependency" name="test_hard_dep_blocked_when_source_missing" time="0.000" /><testcase classname="tests.tool_system_completion_test.TestToolDependency" name="test_hard_dep_blocked_when_predicate_fails" time="0.000" /><testcase classname="tests.tool_system_completion_test.TestToolDependency" name="test_no_edges_always_runnable" time="0.000" /><testcase classname="tests.tool_system_completion_test.TestToolDependency" name="test_predicate_always_true" time="0.000" /><testcase classname="tests.tool_system_completion_test.TestToolDependency" name="test_hard_dep_runnable_when_source_ok" time="0.000" /><testcase classname="tests.tool_system_completion_test.TestToolDependency" name="test_predicate_result_nonempty" time="0.000" /><testcase classname="tests.tool_system_completion_test.TestToolDependency" name="test_soft_dep_uses_fallback_input" time="0.000" /><testcase classname="tests.tool_dag_test.TestSchedulerDeterminism" name="test_schedule_sequence_is_monotonic" time="0.001" /><testcase classname="tests.tool_dag_test.TestSchedulerDeterminism" name="test_to_schedule_dict_contains_required_keys" time="0.000" /><testcase classname="tests.tool_dag_test.TestSchedulerDeterminism" name="test_schedule_wave_assignments" time="0.000" /><testcase classname="tests.tool_dag_test.TestSchedulerDeterminism" name="test_same_dag_different_seed_different_schedule_hash" time="0.000" /><testcase classname="tests.tool_dag_test.TestSchedulerDeterminism" name="test_same_dag_same_seed_same_schedule" time="0.000" /><testcase classname="tests.tool_dag_test.TestSchedulerDeterminism" name="test_schedule_hash_is_reproducible" time="0.000" /><testcase classname="tests.tool_dag_test.TestSchedulerDeterminism" name="test_empty_dag_schedule_is_empty" time="0.000" /><testcase classname="tests.tool_dag_test.TestSchedulerDeterminism" name="test_schedule_covers_all_nodes" time="0.000" /><testcase classname="tests.tool_dag_test.TestToolStateAlgebra" name="test_failure_log_has_halt_check" time="0.000" /><testcase classname="tests.tool_dag_test.TestToolStateAlgebra" name="test_failure_retry_propagation" time="0.000" /><testcase classname="tests.tool_dag_test.TestToolStateAlgebra" name="test_failure_skip_propagation" time="0.000" /><testcase classname="tests.tool_dag_test.TestToolStateAlgebra" name="test_merge_associativity" time="0.000" /><testcase classname="tests.tool_dag_test.TestToolStateAlgebra" name="test_failure_not_retry_when_not_recoverable" time="0.000" /><testcase classname="tests.tool_dag_test.TestToolStateAlgebra" name="test_identity_merge_left" time="0.000" /><testcase classname="tests.tool_dag_test.TestToolStateAlgebra" name="test_compose_single_element" time="0.000" /><testcase classname="tests.tool_dag_test.TestToolStateAlgebra" name="test_identity_plus_identity" time="0.000" /><testcase classname="tests.tool_dag_test.TestToolStateAlgebra" name="test_merge_operator_alias" time="0.000" /><testcase classname="tests.tool_dag_test.TestToolStateAlgebra" name="test_compose_empty_is_identity" time="0.000" /><testcase classname="tests.tool_dag_test.TestToolStateAlgebra" name="test_failure_halt_propagation" time="0.000" /><testcase classname="tests.tool_dag_test.TestToolStateAlgebra" name="test_compose_multiple_associative" time="0.000" /><testcase classname="tests.tool_dag_test.TestToolStateAlgebra" name="test_identity_merge_right" time="0.000" /><testcase classname="tests.tool_dag_test.TestToolStateAlgebra" name="test_failure_to_dict_contains_required_keys" time="0.000" /><testcase classname="tests.tool_dag_test.TestToolStateAlgebra" name="test_event_count_accumulates" time="0.000" /><testcase classname="tests.tool_dag_test.TestToolDAGValidity" name="test_execution_order_matches_sequence_for_linear_dag" time="0.000" /><testcase classname="tests.tool_dag_test.TestToolDAGValidity" name="test_add_edge_rejects_equal_sequence" time="0.000" /><testcase classname="tests.tool_dag_test.TestToolDAGValidity" name="test_empty_dag_is_acyclic" time="0.000" /><testcase classname="tests.tool_dag_test.TestToolDAGValidity" name="test_sequential_chain_is_acyclic" time="0.000" /><testcase classname="tests.tool_dag_test.TestToolDAGValidity" name="test_ordering_key_tiebreaker_is_deterministic" time="0.000" /><testcase classname="tests.tool_dag_test.TestToolDAGValidity" name="test_deterministic_hash_is_reproducible" time="0.000" /><testcase classname="tests.tool_dag_test.TestToolDAGValidity" name="test_add_edge_rejects_backward_sequence" time="0.000" /><testcase classname="tests.tool_dag_test.TestToolDAGValidity" name="test_different_plans_produce_different_hashes" time="0.000" /><testcase classname="tests.tool_dag_test.TestToolDAGValidity" name="test_single_node_dag_is_acyclic" time="0.000" /><testcase classname="tests.tool_dag_test.TestToolDAGValidity" name="test_to_dict_contains_required_keys" time="0.000" /><testcase classname="tests.tool_dag_test.TestToolDAGValidity" name="test_add_edge_rejects_unknown_source" time="0.000" /><testcase classname="tests.tool_dag_test.TestToolDAGValidity" name="test_add_edge_rejects_unknown_target" time="0.000" /><testcase classname="tests.tool_dag_test.TestToolDAGValidity" name="test_root_nodes_are_entry_points" time="0.000" /><testcase classname="tests.tool_dag_test.TestToolDAGValidity" name="test_terminal_nodes_are_exit_points" time="0.000" /><testcase classname="tests.tool_dag_test.TestEventStreamReplay" name="test_reduce_events_ordered_by_sequence" time="0.000" /><testcase classname="tests.tool_dag_test.TestEventStreamReplay" name="test_replay_hash_is_stable" time="0.000" /><testcase classname="tests.tool_dag_test.TestEventStreamReplay" name="test_input_hash_deterministic" time="0.000" /><testcase classname="tests.tool_dag_test.TestEventStreamReplay" name="test_event_log_to_list_is_serializable" time="0.000" /><testcase classname="tests.tool_dag_test.TestEventStreamReplay" name="test_reduce_events_preserves_status" time="0.000" /><testcase classname="tests.tool_dag_test.TestEventStreamReplay" name="test_event_type_enum_values" time="0.000" /><testcase classname="tests.tool_dag_test.TestEventStreamReplay" name="test_reduce_events_to_results_correct_count" time="0.000" /><testcase classname="tests.tool_dag_test.TestEventStreamReplay" name="test_different_outputs_produce_different_replay_hash" time="0.000" /><testcase classname="tests.tool_dag_test.TestEventStreamReplay" name="test_tool_event_to_dict_keys" time="0.000" /><testcase classname="tests.tool_dag_test.TestEventStreamReplay" name="test_events_for_tool_filter" time="0.000" /><testcase classname="tests.tool_dag_test.TestToolPlanCompilation" name="test_compiled_dag_is_acyclic" time="0.000" /><testcase classname="tests.tool_dag_test.TestToolPlanCompilation" name="test_same_plan_produces_same_dag_hash" time="0.000" /><testcase classname="tests.tool_dag_test.TestToolPlanCompilation" name="test_invalid_intent_filtered" time="0.000" /><testcase classname="tests.tool_dag_test.TestToolPlanCompilation" name="test_different_plans_produce_different_dag_hashes" time="0.000" /><testcase classname="tests.tool_dag_test.TestToolPlanCompilation" name="test_max_nodes_constraint_respected" time="0.000" /><testcase classname="tests.tool_dag_test.TestToolPlanCompilation" name="test_duplicate_candidates_deduplicated" time="0.000" /><testcase classname="tests.tool_dag_test.TestToolPlanCompilation" name="test_non_dict_args_filtered" time="0.000" /><testcase classname="tests.tool_dag_test.TestToolPlanCompilation" name="test_unsupported_tool_filtered" time="0.000" /><testcase classname="tests.tool_dag_test.TestToolPlanCompilation" name="test_plan_hash_is_stable" time="0.000" /><testcase classname="tests.tool_dag_test.TestCrossModeDagConsistency" name="test_plan_compiler_idempotent" time="0.000" /><testcase classname="tests.tool_dag_test.TestCrossModeDagConsistency" name="test_v2_on_dag_hash_stable_across_reruns" time="0.000" /><testcase classname="tests.tool_dag_test.TestCrossModeDagConsistency" name="test_scheduler_and_dag_hash_independent_of_call_order" time="0.000" /><testcase classname="tests.tool_dag_test.TestCrossModeDagConsistency" name="test_dag_serialization_roundtrip_hash_stable" time="0.000" /><testcase classname="tests.tool_dag_test.TestCrossModeDagConsistency" name="test_v2_off_dag_is_empty" time="0.000" /><testcase classname="tests.tool_dag_test.TestSandboxIsolation" name="test_snapshot_to_dict_contains_required_keys" time="0.000" /><testcase classname="tests.tool_dag_test.TestSandboxIsolation" name="test_fresh_sandbox_is_clean" time="0.000" /><testcase classname="tests.tool_dag_test.TestSandboxIsolation" name="test_cross_tool_no_leakage" time="0.000" /><testcase classname="tests.tool_dag_test.TestSandboxIsolation" name="test_failed_execution_does_not_pollute_cache" time="0.000" /><testcase classname="tests.tool_dag_test.TestSandboxIsolation" name="test_two_sandboxes_same_operations_produce_same_snapshot_hash" time="0.000" /><testcase classname="tests.tool_dag_test.TestSandboxIsolation" name="test_idempotency_key_deduplicates" time="0.000" /><testcase classname="tests.tool_dag_test.TestSandboxIsolation" name="test_snapshot_before_after_differs" time="0.000" /><testcase classname="tests.tool_dag_test.TestSandboxIsolation" name="test_rollback_removes_compensating_actions" time="0.000" /><testcase classname="tests.system_primitive_lock_test.TestResourceModelFirstClass" name="test_budget_hash_changes_with_different_tools" time="0.000" /><testcase classname="tests.system_primitive_lock_test.TestResourceModelFirstClass" name="test_invariant_engine_all_categories_checked" time="0.000" /><testcase classname="tests.system_primitive_lock_test.TestResourceModelFirstClass" name="test_invariant_engine_get_by_id" time="0.000" /><testcase classname="tests.system_primitive_lock_test.TestResourceModelFirstClass" name="test_resource_invariant_in_engine" time="0.000" /><testcase classname="tests.system_primitive_lock_test.TestResourceModelFirstClass" name="test_resource_violation_is_warning_not_critical" time="0.000" /><testcase classname="tests.system_primitive_lock_test.TestResourceModelFirstClass" name="test_resource_invariant_passes_within_budget" time="0.000" /><testcase classname="tests.system_primitive_lock_test.TestResourceModelFirstClass" name="test_budget_hash_stable_same_input" time="0.000" /><testcase classname="tests.system_primitive_lock_test.TestResourceModelFirstClass" name="test_resource_model_integrates_with_invariant_engine" time="0.000" /><testcase classname="tests.system_primitive_lock_test.TestResourceModelFirstClass" name="test_resource_invariant_passes_when_no_report" time="0.000" /><testcase classname="tests.system_primitive_lock_test.TestResourceModelFirstClass" name="test_equivalence_class_with_resource_context" time="0.000" /><testcase classname="tests.system_primitive_lock_test.TestEquivalenceClassFunctions" name="test_event_structure_class_differs_by_type_sequence" time="0.000" /><testcase classname="tests.system_primitive_lock_test.TestEquivalenceClassFunctions" name="test_event_structure_class_stable" time="0.000" /><testcase classname="tests.system_primitive_lock_test.TestEquivalenceClassFunctions" name="test_tool_graph_class_differs_by_tools" time="0.000" /><testcase classname="tests.system_primitive_lock_test.TestEquivalenceClassFunctions" name="test_plan_class_from_planner_output" time="0.000" /><testcase classname="tests.system_primitive_lock_test.TestEquivalenceClassFunctions" name="test_tool_graph_class_stable" time="0.000" /><testcase classname="tests.system_primitive_lock_test.TestEquivalenceClassFunctions" name="test_plan_class_stable" time="0.000" /><testcase classname="tests.system_primitive_lock_test.TestEquivalenceClassFunctions" name="test_empty_event_log_class" time="0.000" /><testcase classname="tests.system_primitive_lock_test.TestEquivalenceClassFunctions" name="test_plan_class_ignores_specific_tool_names" time="0.000" /><testcase classname="tests.system_primitive_lock_test.TestEquivalenceClassFunctions" name="test_tool_graph_class_order_independent" time="0.000" /><testcase classname="tests.system_primitive_lock_test.TestEquivalenceClassFunctions" name="test_event_structure_class_ignores_payloads" time="0.000" /><testcase classname="tests.system_primitive_lock_test.TestEquivalenceClassFunctions" name="test_plan_class_differs_by_intent" time="0.000" /><testcase classname="tests.system_primitive_lock_test.TestExecutionEquivalenceClass" name="test_is_equivalent_execution_false" time="0.000" /><testcase classname="tests.system_primitive_lock_test.TestExecutionEquivalenceClass" name="test_to_dict_has_all_keys" time="0.000" /><testcase classname="tests.system_primitive_lock_test.TestExecutionEquivalenceClass" name="test_equivalence_key_stable" time="0.000" /><testcase classname="tests.system_primitive_lock_test.TestExecutionEquivalenceClass" name="test_classify_execution_with_dag" time="0.000" /><testcase classname="tests.system_primitive_lock_test.TestExecutionEquivalenceClass" name="test_not_matches_different_tools" time="0.000" /><testcase classname="tests.system_primitive_lock_test.TestExecutionEquivalenceClass" name="test_build_creates_class" time="0.000" /><testcase classname="tests.system_primitive_lock_test.TestExecutionEquivalenceClass" name="test_equivalence_proof_equivalent" time="0.000" /><testcase classname="tests.system_primitive_lock_test.TestExecutionEquivalenceClass" name="test_equivalence_proof_not_equivalent" time="0.000" /><testcase classname="tests.system_primitive_lock_test.TestExecutionEquivalenceClass" name="test_matches_identical" time="0.000" /><testcase classname="tests.system_primitive_lock_test.TestExecutionEquivalenceClass" name="test_not_matches_different_intent" time="0.001" /><testcase classname="tests.system_primitive_lock_test.TestExecutionEquivalenceClass" name="test_is_equivalent_execution_true" time="0.000" /><testcase classname="tests.system_primitive_lock_test.TestGlobalInvariantEngine" name="test_event_monotonic_invariant_detects_non_monotonic" time="0.000" /><testcase classname="tests.system_primitive_lock_test.TestGlobalInvariantEngine" name="test_default_engine_has_invariants" time="0.000" /><testcase classname="tests.system_primitive_lock_test.TestGlobalInvariantEngine" name="test_missing_strategy_fails" time="0.000" /><testcase classname="tests.system_primitive_lock_test.TestGlobalInvariantEngine" name="test_tool_event_missing_type_fails" time="0.000" /><testcase classname="tests.system_primitive_lock_test.TestGlobalInvariantEngine" name="test_missing_intent_type_fails" time="0.000" /><testcase classname="tests.system_primitive_lock_test.TestGlobalInvariantEngine" name="test_register_custom_invariant" time="0.000" /><testcase classname="tests.system_primitive_lock_test.TestGlobalInvariantEngine" name="test_validation_hash_stable" time="0.000" /><testcase classname="tests.system_primitive_lock_test.TestGlobalInvariantEngine" name="test_valid_state_passes_all" time="0.000" /><testcase classname="tests.system_primitive_lock_test.TestGlobalInvariantEngine" name="test_custom_invariant_violation" time="0.000" /><testcase classname="tests.system_primitive_lock_test.TestGlobalInvariantEngine" name="test_report_to_dict_has_required_keys" time="0.000" /><testcase classname="tests.system_primitive_lock_test.TestGlobalInvariantEngine" name="test_remove_invariant" time="0.000" /><testcase classname="tests.tool_system_v2_equivalence_test.TestV2Equivalence" name="test_a_semantic_parity" time="0.925" /><testcase classname="tests.tool_system_v2_equivalence_test.TestV2Equivalence" name="test_c_structural_divergence" time="0.830" /><testcase classname="tests.tool_system_v2_equivalence_test.TestV2Equivalence" name="test_d_stability" time="1.411" /><testcase classname="tests.tool_system_v2_equivalence_test.TestV2Equivalence" name="test_b_tool_trace_enrichment" time="0.823" /><testcase classname="tests.adversarial_stability_test.TestToolStress" name="test_stress_event_authority_hash_stable" time="0.001" /><testcase classname="tests.adversarial_stability_test.TestToolStress" name="test_100_tool_events_appended_stably" time="0.000" /><testcase classname="tests.adversarial_stability_test.TestToolStress" name="test_1000_tool_events_no_crash" time="0.001" /><testcase classname="tests.adversarial_stability_test.TestToolStress" name="test_stress_invariant_engine_no_crash" time="0.000" /><testcase classname="tests.adversarial_stability_test.TestToolStress" name="test_stress_batch_schema_validation" time="0.000" /><testcase classname="tests.adversarial_stability_test.TestLongHorizonSessions" name="test_long_session_authority_hash_stable" time="0.000" /><testcase classname="tests.adversarial_stability_test.TestLongHorizonSessions" name="test_five_turn_session_event_log_stable" time="0.000" /><testcase classname="tests.adversarial_stability_test.TestLongHorizonSessions" name="test_long_session_golden_envelope_stable" time="0.001" /><testcase classname="tests.adversarial_stability_test.TestLongHorizonSessions" name="test_ten_turn_session_replay_consistent" time="0.000" /><testcase classname="tests.adversarial_stability_test.TestLongHorizonSessions" name="test_long_session_head_sequence_increases" time="0.000" /><testcase classname="tests.adversarial_stability_test.TestToolSpoofing" name="test_request_with_none_tool_name_rejected" time="0.000" /><testcase classname="tests.adversarial_stability_test.TestToolSpoofing" name="test_unknown_tool_name_rejected" time="0.000" /><testcase classname="tests.adversarial_stability_test.TestToolSpoofing" name="test_request_without_tool_name_rejected" time="0.000" /><testcase classname="tests.adversarial_stability_test.TestToolSpoofing" name="test_spoofed_status_rejected" time="0.000" /><testcase classname="tests.adversarial_stability_test.TestToolSpoofing" name="test_result_without_tool_id_rejected" time="0.000" /><testcase classname="tests.adversarial_stability_test.TestPromptInjection" name="test_batch_validator_filters_injections" time="0.000" /><testcase classname="tests.adversarial_stability_test.TestPromptInjection" name="test_injection_in_output_captured_safely" time="0.000" /><testcase classname="tests.adversarial_stability_test.TestPromptInjection" name="test_injection_as_tool_name_rejected" time="0.000" /><testcase classname="tests.adversarial_stability_test.TestPromptInjection" name="test_injection_as_intent_rejected" time="0.000" /><testcase classname="tests.adversarial_stability_test.TestPromptInjection" name="test_injection_in_args_does_not_execute" time="0.000" /><testcase classname="tests.adversarial_stability_test.TestMemoryPoisoning" name="test_duplicate_memories_produce_stable_hash" time="0.000" /><testcase classname="tests.adversarial_stability_test.TestMemoryPoisoning" name="test_missing_text_field_handled_gracefully" time="0.000" /><testcase classname="tests.adversarial_stability_test.TestMemoryPoisoning" name="test_poisoned_entry_no_crash" time="0.000" /><testcase classname="tests.adversarial_stability_test.TestMemoryPoisoning" name="test_poisoned_text_does_not_elevate_weight_artificially" time="0.000" /><testcase classname="tests.adversarial_stability_test.TestMemoryPoisoning" name="test_none_text_handled_gracefully" time="0.000" /><testcase classname="tests.adversarial_stability_test.TestMalformedInputs" name="test_batch_handles_all_malformed" time="0.000" /><testcase classname="tests.adversarial_stability_test.TestMalformedInputs" name="test_args_not_dict_rejected" time="0.000" /><testcase classname="tests.adversarial_stability_test.TestMalformedInputs" name="test_non_dict_request_rejected" time="0.000" /><testcase classname="tests.adversarial_stability_test.TestMalformedInputs" name="test_empty_dict_result_rejected" time="0.000" /><testcase classname="tests.adversarial_stability_test.TestMalformedInputs" name="test_empty_dict_request_rejected" time="0.000" /><testcase classname="tests.adversarial_stability_test.TestContradictoryGoals" name="test_memory_state_hash_stable_with_contradictory_goals" time="0.000" /><testcase classname="tests.adversarial_stability_test.TestContradictoryGoals" name="test_empty_goals_produces_identity_weights" time="0.000" /><testcase classname="tests.adversarial_stability_test.TestContradictoryGoals" name="test_contradictory_goals_produce_some_ranking" time="0.000" /><testcase classname="tests.adversarial_stability_test.TestContradictoryGoals" name="test_planner_state_stable_despite_contradictions" time="0.000" /><testcase classname="tests.adversarial_stability_test.TestContradictoryGoals" name="test_contradictory_goals_no_crash" time="0.000" /><testcase classname="tests.system_snapshot_v1_test.TestSchemaRegistry" name="test_file_tree_hasher_returns_hex" time="0.021" /><testcase classname="tests.system_snapshot_v1_test.TestSchemaRegistry" name="test_file_tree_hasher_stable" time="0.035" /><testcase classname="tests.system_snapshot_v1_test.TestSchemaRegistry" name="test_default_versions" time="0.000" /><testcase classname="tests.system_snapshot_v1_test.TestSchemaRegistry" name="test_to_dict_has_all_keys" time="0.000" /><testcase classname="tests.system_snapshot_v1_test.TestSchemaRegistry" name="test_frozen_immutable" time="0.000" /><testcase classname="tests.system_snapshot_v1_test.TestSnapshotRestoreValidator" name="test_validate_result_has_version" time="0.141" /><testcase classname="tests.system_snapshot_v1_test.TestSnapshotRestoreValidator" name="test_validate_file_tree_match" time="0.134" /><testcase classname="tests.system_snapshot_v1_test.TestSnapshotRestoreValidator" name="test_validate_golden_replay_passes" time="0.138" /><testcase classname="tests.system_snapshot_v1_test.TestSnapshotRestoreValidator" name="test_validate_ok_when_golden_passes" time="0.138" /><testcase classname="tests.system_snapshot_v1_test.TestSnapshotRestoreValidator" name="test_validate_single_golden_record" time="0.001" /><testcase classname="tests.system_snapshot_v1_test.TestSnapshotRestoreValidator" name="test_to_dict_has_required_keys" time="0.137" /><testcase classname="tests.system_snapshot_v1_test.TestSystemSnapshotV1" name="test_to_dict_contains_all_keys" time="0.117" /><testcase classname="tests.system_snapshot_v1_test.TestSystemSnapshotV1" name="test_write_and_load_round_trip" time="0.130" /><testcase classname="tests.system_snapshot_v1_test.TestSystemSnapshotV1" name="test_golden_set_hash_stable_in_snapshot" time="0.236" /><testcase classname="tests.system_snapshot_v1_test.TestSystemSnapshotV1" name="test_snapshot_hash_stable" time="0.236" /><testcase classname="tests.system_snapshot_v1_test.TestSystemSnapshotV1" name="test_build_returns_snapshot" time="0.119" /><testcase classname="tests.system_snapshot_v1_test.TestGoldenBehaviorRecord" name="test_to_dict_round_trip" time="0.000" /><testcase classname="tests.system_snapshot_v1_test.TestGoldenBehaviorRecord" name="test_envelope_hash_stable" time="0.000" /><testcase classname="tests.system_snapshot_v1_test.TestGoldenBehaviorRecord" name="test_replay_is_identical" time="0.000" /><testcase classname="tests.system_snapshot_v1_test.TestGoldenBehaviorRecord" name="test_verify_replay_true" time="0.000" /><testcase classname="tests.system_snapshot_v1_test.TestGoldenBehaviorRecord" name="test_envelope_hash_changes_with_intent" time="0.000" /><testcase classname="tests.system_snapshot_v1_test.TestGoldenBehaviorRecord" name="test_tool_trace_hash_stable" time="0.000" /><testcase classname="tests.system_snapshot_v1_test.TestGoldenBehaviorRecord" name="test_build_creates_record" time="0.000" /><testcase classname="tests.system_snapshot_v1_test.TestGoldenBehaviorRecord" name="test_no_tools_produces_valid_record" time="0.000" /><testcase classname="tests.system_snapshot_v1_test.TestGoldenBehaviorRecord" name="test_tool_trace_hash_differs_for_different_tools" time="0.000" /><testcase classname="tests.system_snapshot_v1_test.TestGoldenBehaviorRecord" name="test_plan_class_hash_ignores_specific_tools" time="0.000" /><testcase classname="tests.system_snapshot_v1_test.TestGoldenBehaviorSet" name="test_to_dict_round_trip" time="0.001" /><testcase classname="tests.system_snapshot_v1_test.TestGoldenBehaviorSet" name="test_replay_all_passes" time="0.001" /><testcase classname="tests.system_snapshot_v1_test.TestGoldenBehaviorSet" name="test_set_hash_stable" time="0.001" /><testcase classname="tests.system_snapshot_v1_test.TestGoldenBehaviorSet" name="test_get_by_intent_filters_correctly" time="0.001" /><testcase classname="tests.system_snapshot_v1_test.TestGoldenBehaviorSet" name="test_default_has_25_records" time="0.001" /></testsuite></testsuites>