<?xml version="1.0" encoding="utf-8"?><testsuites name="pytest tests"><testsuite name="pytest" errors="0" failures="0" skipped="0" tests="89" time="99.363" timestamp="2026-04-26T14:28:54.613070-04:00" hostname="JuniorWOPR"><testcase classname="tests.adversarial_test.TestDelegationExplosionPrevention" name="test_recursive_delegation_is_depth_capped" time="0.550" /><testcase classname="tests.adversarial_test.TestDelegationExplosionPrevention" name="test_oversized_delegation_block_is_capped" time="0.366" /><testcase classname="tests.adversarial_test.TestPromptInjectionResistance" name="test_injection_attempt_does_not_produce_extra_mutations" time="1.083" /><testcase classname="tests.adversarial_test.TestPromptInjectionResistance" name="test_mutation_guard_blocks_out_of_band_queue" time="0.370" /><testcase classname="tests.adversarial_test.TestPromptInjectionResistance" name="test_tool_override_attempt_blocked" time="0.364" /><testcase classname="tests.adversarial_test.TestMemoryPoisoningResistance" name="test_memory_state_is_a_dict_after_poisoning" time="1.917" /><testcase classname="tests.adversarial_test.TestMemoryPoisoningResistance" name="test_contradictory_inputs_do_not_crash_pipeline" time="1.877" /><testcase classname="tests.adversarial_test.TestMemoryPoisoningResistance" name="test_large_input_does_not_corrupt_pipeline" time="0.370" /><testcase classname="tests.persistence_test.TestHashChainIntegrity" name="test_hash_chain_verification_passes_on_valid_chain" time="0.013" /><testcase classname="tests.persistence_test.TestHashChainIntegrity" name="test_broken_hash_chain_detected_on_load" time="0.012" /><testcase classname="tests.persistence_test.TestConcurrentSessionIsolation" name="test_concurrent_sessions_isolated" time="0.013" /><testcase classname="tests.persistence_test.TestConcurrentSessionIsolation" name="test_session_checkpoint_count_per_session" time="0.021" /><testcase classname="tests.persistence_test.TestCheckpointPruning" name="test_prune_keeps_most_recent" time="0.047" /><testcase classname="tests.persistence_test.TestCheckpointPruning" name="test_prune_no_op_when_under_limit" time="0.014" /><testcase classname="tests.persistence_test.TestCheckpointReplacement" name="test_same_trace_id_replaces_checkpoint" time="0.013" /><testcase classname="tests.persistence_test.TestCheckpointSaveLoad" name="test_save_and_load_checkpoint" time="0.012" /><testcase classname="tests.persistence_test.TestCheckpointSaveLoad" name="test_checkpoint_round_trip_preserves_state" time="0.010" /><testcase classname="tests.persistence_test.TestCheckpointSaveLoad" name="test_load_most_recent_checkpoint" time="0.012" /><testcase classname="tests.persistence_test.TestCheckpointSaveLoad" name="test_load_nonexistent_checkpoint_raises" time="0.007" /><testcase classname="tests.persistence_test.TestCrashRecovery" name="test_recover_after_partial_write_payload_corruption" time="0.011" /><testcase classname="tests.persistence_test.TestCrashRecovery" name="test_recover_from_missing_checkpoint" time="0.008" /><testcase classname="tests.persistence_test.TestManifestDriftDetection" name="test_manifest_drift_raises_in_strict_mode" time="0.010" /><testcase classname="tests.persistence_test.TestSessionDeletion" name="test_delete_session_removes_all_checkpoints" time="0.016" /><testcase classname="tests.cognition_test.TestPlannerNode" name="test_emotional_intent_classified" time="0.147" /><testcase classname="tests.cognition_test.TestPlannerNode" name="test_goal_intent_classified" time="0.147" /><testcase classname="tests.cognition_test.TestPlannerNode" name="test_planner_ran_metadata_flag" time="0.159" /><testcase classname="tests.cognition_test.TestPlannerNode" name="test_active_goals_matched_in_plan" time="0.163" /><testcase classname="tests.cognition_test.TestPlannerNode" name="test_casual_intent_classified" time="0.142" /><testcase classname="tests.cognition_test.TestPlannerNode" name="test_turn_plan_trivial_factory" time="0.143" /><testcase classname="tests.cognition_test.TestPlannerNode" name="test_complex_multi_step_input" time="0.135" /><testcase classname="tests.cognition_test.TestPlannerNode" name="test_question_intent_classified" time="0.144" /><testcase classname="tests.cognition_test.TestPlannerNode" name="test_new_goal_detected_and_stored" time="0.220" /><testcase classname="tests.cognition_test.TestCritiqueEngine" name="test_emotional_reply_without_empathy_penalised" time="0.144" /><testcase classname="tests.cognition_test.TestCritiqueEngine" name="test_fallback_reply_fails" time="0.152" /><testcase classname="tests.cognition_test.TestCritiqueEngine" name="test_custom_pass_threshold" time="0.147" /><testcase classname="tests.cognition_test.TestCritiqueEngine" name="test_revision_hint_provided_on_failure" time="0.156" /><testcase classname="tests.cognition_test.TestCritiqueEngine" name="test_empathetic_reply_passes_emotional_strategy" time="0.149" /><testcase classname="tests.cognition_test.TestCritiqueEngine" name="test_needs_revision_respects_max_iterations" time="0.182" /><testcase classname="tests.cognition_test.TestCritiqueEngine" name="test_good_reply_passes" time="0.145" /><testcase classname="tests.cognition_test.TestCritiqueEngine" name="test_empty_reply_fails" time="0.138" /><testcase classname="tests.cognition_test.TestGoalAwareRanker" name="test_no_memories_returns_empty" time="0.162" /><testcase classname="tests.cognition_test.TestGoalAwareRanker" name="test_relevant_memory_promoted" time="0.152" /><testcase classname="tests.cognition_test.TestGoalAwareRanker" name="test_boost_capped_at_max_boost" time="0.145" /><testcase classname="tests.cognition_test.TestGoalAwareRanker" name="test_goal_relevance_scores_length_matches" time="0.173" /><testcase classname="tests.cognition_test.TestGoalAwareRanker" name="test_multiple_goals_combined" time="0.145" /><testcase classname="tests.cognition_test.TestGoalAwareRanker" name="test_string_memories_supported" time="0.152" /><testcase classname="tests.cognition_test.TestGoalAwareRanker" name="test_no_goals_preserves_order" time="0.174" /><testcase classname="tests.cognition_test.TestGoalSystem" name="test_goal_record_round_trip" time="0.142" /><testcase classname="tests.cognition_test.TestGoalSystem" name="test_detect_goal_in_input_positive" time="0.138" /><testcase classname="tests.cognition_test.TestGoalSystem" name="test_detect_goal_in_input_negative" time="0.150" /><testcase classname="tests.cognition_test.TestGoalSystem" name="test_goal_store_add_note" time="0.161" /><testcase classname="tests.cognition_test.TestGoalSystem" name="test_goal_store_abandon" time="0.144" /><testcase classname="tests.cognition_test.TestGoalSystem" name="test_goal_store_serialise_roundtrip" time="0.144" /><testcase classname="tests.cognition_test.TestGoalSystem" name="test_goal_store_upsert_and_active_goals" time="0.153" /><testcase classname="tests.cognition_test.TestGoalSystem" name="test_goal_store_complete" time="0.146" /><testcase classname="tests.cognition_test.TestCognitionPipelineIntegration" name="test_planner_ran_flag_set_in_pipeline" time="0.359" /><testcase classname="tests.cognition_test.TestCognitionPipelineIntegration" name="test_persisted_goals_loaded_next_turn" time="0.591" /><testcase classname="tests.cognition_test.TestCognitionPipelineIntegration" name="test_new_goal_persisted_to_session" time="0.366" /><testcase classname="tests.cognition_test.TestCognitionPipelineIntegration" name="test_turn_plan_present_in_context_state" time="0.367" /><testcase classname="tests.cognition_test.TestCognitionPipelineIntegration" name="test_candidate_still_produced_after_critique_loop" time="0.369" /><testcase classname="tests.cognition_test.TestCognitionPipelineIntegration" name="test_critique_record_present_in_context" time="0.374" /><testcase classname="tests.property_verification_test.TestDadBotPhase4Properties" name="test_tool_echo_call_succeeds" time="0.358" /><testcase classname="tests.property_verification_test.TestDadBotPhase4Properties" name="test_parallel_delegation_stamps_arbitration_and_blackboard" time="0.380" /><testcase classname="tests.property_verification_test.TestDadBotPhase4Properties" name="test_parallel_delegation_reduces_wall_time_vs_sequential" time="0.630" /><testcase classname="tests.property_verification_test.TestDadBotPhase4Properties" name="test_virtual_clock_temporal_axis_is_deterministic" time="0.137" /><testcase classname="tests.property_verification_test.TestDadBotPhase4Properties" name="test_mutation_intent_schema_rejects_invalid_payload" time="0.155" /><testcase classname="tests.property_verification_test.TestDadBotPhase4Properties" name="test_memory_layers_invariants" time="34.168" /><testcase classname="tests.property_verification_test.TestDadBotPhase4Properties" name="test_checkpoint_hash_chain_links_previous_checkpoint" time="0.146" /><testcase classname="tests.property_verification_test.TestDadBotPhase4Properties" name="test_strict_mode_replay_exact_match" time="1.338" /><testcase classname="tests.property_verification_test.TestDadBotPhase4Properties" name="test_concurrent_sessions_have_isolated_memory" time="4.227" /><testcase classname="tests.property_verification_test.TestDadBotPhase4Properties" name="test_delegation_summary_appears_in_final_reply" time="0.377" /><testcase classname="tests.property_verification_test.TestDadBotPhase4Properties" name="test_delegation_depth_guard_prevents_recursion" time="0.379" /><testcase classname="tests.property_verification_test.TestDadBotPhase4Properties" name="test_determinism_manifest_stamped_in_envelope" time="0.369" /><testcase classname="tests.property_verification_test.TestDadBotPhase4Properties" name="test_all_instrumentation_metadata_present" time="0.371" /><testcase classname="tests.property_verification_test.TestDadBotPhase4Properties" name="test_replay_differential_under_randomized_parallel_timing" time="1.142" /><testcase classname="tests.property_verification_test.TestDadBotPhase4Properties" name="test_save_node_transaction_atomicity" time="0.370" /><testcase classname="tests.property_verification_test.TestDadBotPhase4Properties" name="test_strict_mode_manifest_mismatch_fails_fast" time="0.143" /><testcase classname="tests.property_verification_test.TestDadBotPhase4Properties" name="test_persistence_round_trip_load_verify_and_replay" time="0.611" /><testcase classname="tests.property_verification_test.TestDadBotPhase4Properties" name="test_blackboard_fingerprint_in_determinism_envelope" time="0.373" /><testcase classname="tests.property_verification_test.TestDadBotPhase4Properties" name="test_tool_memory_lookup_queries_context" time="0.369" /><testcase classname="tests.property_verification_test.TestDadBotPhase4Properties" name="test_replay_differential_lock_hash_stable" time="0.866" /><testcase classname="tests.property_verification_test.TestDadBotPhase4Properties" name="test_delegation_block_triggers_subtask_execution" time="0.370" /><testcase classname="tests.property_verification_test.TestDadBotPhase4Properties" name="test_delegation_arbitration_hash_in_metadata" time="0.366" /><testcase classname="tests.property_verification_test.TestDadBotPhase4Properties" name="test_delegation_metadata_stamped_in_context" time="0.364" /><testcase classname="tests.property_verification_test.TestDadBotPhase4Properties" name="test_subtask_error_propagates_with_user_friendly_text" time="0.430" /><testcase classname="tests.property_verification_test.TestDadBotPhase4Properties" name="test_latency_does_not_degrade_with_history_length" time="35.135" /><testcase classname="tests.property_verification_test.TestDadBotPhase4Properties" name="test_background_summarization_does_not_block_turn" time="0.493" /><testcase classname="tests.property_verification_test.TestDadBotPhase4Properties" name="test_sequential_delegation_supports_inter_agent_messaging" time="0.374" /><testcase classname="tests.property_verification_test.TestDadBotPhase4Properties" name="test_structured_reasoning_reply_extracted" time="0.388" /></testsuite></testsuites>