<?xml version="1.0" encoding="utf-8"?><testsuites name="pytest tests"><testsuite name="pytest" errors="0" failures="0" skipped="0" tests="19" time="121.227" timestamp="2026-04-27T12:53:31.141652-04:00" hostname="JuniorWOPR"><testcase classname="tests.test_phase4a.TestPhase4ARealCheckpointing" name="test_orchestrator_saves_checkpoint_after_real_turn" time="1.097" /><testcase classname="tests.test_phase4a.TestPhase4ARealCheckpointing" name="test_orchestrator_restores_state_after_simulated_restart" time="1.550" /><testcase classname="tests.test_phase4a.TestPhase4ARealCheckpointing" name="test_determinism_fields_present_in_saved_checkpoint" time="0.862" /><testcase classname="tests.test_phase4a.TestPhase4ARealCheckpointing" name="test_checkpoint_write_log_records_success_row" time="0.755" /><testcase classname="tests.test_phase4a.TestPhase4ARealCheckpointing" name="test_manifest_drift_warning_in_lenient_mode" time="1.545" /><testcase classname="tests.test_phase4a.TestPhase4ADeterminismVerification" name="test_lock_hash_stable_across_identical_inputs" time="1.500" /><testcase classname="tests.test_phase4a.TestPhase4ADeterminismVerification" name="test_tool_trace_hash_present_and_non_empty_after_real_turn" time="0.746" /><testcase classname="tests.test_phase4a.TestPhase4ADeterminismVerification" name="test_checkpoint_chain_integrity_after_two_real_turns" time="1.364" /><testcase classname="tests.test_phase4a.TestPhase4ADeterminismVerification" name="test_persistence_metrics_are_observable_per_session" time="1.938" /><testcase classname="tests.test_phase4a.TestPhase4ATrueProcessRestart" name="test_checkpoint_survives_real_process_boundary" time="7.960" /><testcase classname="tests.test_phase4a.TestPhase4AToolDeterminismAcrossRestarts" name="test_tool_trace_hash_stable_across_independent_sessions" time="1.500" /><testcase classname="tests.test_phase4a.TestPhase4AToolDeterminismAcrossRestarts" name="test_tool_trace_hash_survives_checkpoint_round_trip" time="0.739" /><testcase classname="tests.test_phase4a.TestPhase4AToolDeterminismAcrossRestarts" name="test_tool_trace_hash_changes_with_different_inputs" time="1.480" /><testcase classname="tests.test_phase4a.TestPhase4AScaleAndPruning" name="test_pruning_enforced_after_hundred_turns" time="59.774" /><testcase classname="tests.test_phase4a.TestPhase4AScaleAndPruning" name="test_concurrent_sessions_remain_isolated" time="24.999" /><testcase classname="tests.test_phase4a.TestPhase4AScaleAndPruning" name="test_prune_returns_correct_deleted_count" time="12.395" /><testcase classname="tests.test_phase4a.TestPhase4ALargeStateCheckpoint" name="test_large_state_round_trip_fidelity" time="0.074" /><testcase classname="tests.test_phase4a.TestPhase4ALargeStateCheckpoint" name="test_large_state_metadata_survives_round_trip" time="0.050" /><testcase classname="tests.test_phase4a.TestPhase4ALargeStateCheckpoint" name="test_orchestrator_handles_large_preloaded_state" time="0.806" /></testsuite></testsuites>