<?xml version="1.0" encoding="utf-8"?><testsuites name="pytest tests"><testsuite name="pytest" errors="0" failures="0" skipped="0" tests="19" time="114.160" timestamp="2026-04-27T13:00:12.623017-04:00" hostname="JuniorWOPR"><testcase classname="tests.test_phase4a.TestPhase4ARealCheckpointing" name="test_orchestrator_saves_checkpoint_after_real_turn" time="1.183" /><testcase classname="tests.test_phase4a.TestPhase4ARealCheckpointing" name="test_orchestrator_restores_state_after_simulated_restart" time="2.017" /><testcase classname="tests.test_phase4a.TestPhase4ARealCheckpointing" name="test_determinism_fields_present_in_saved_checkpoint" time="1.048" /><testcase classname="tests.test_phase4a.TestPhase4ARealCheckpointing" name="test_checkpoint_write_log_records_success_row" time="1.011" /><testcase classname="tests.test_phase4a.TestPhase4ARealCheckpointing" name="test_manifest_drift_warning_in_lenient_mode" time="1.998" /><testcase classname="tests.test_phase4a.TestPhase4ADeterminismVerification" name="test_lock_hash_stable_across_identical_inputs" time="1.880" /><testcase classname="tests.test_phase4a.TestPhase4ADeterminismVerification" name="test_tool_trace_hash_present_and_non_empty_after_real_turn" time="0.968" /><testcase classname="tests.test_phase4a.TestPhase4ADeterminismVerification" name="test_checkpoint_chain_integrity_after_two_real_turns" time="1.674" /><testcase classname="tests.test_phase4a.TestPhase4ADeterminismVerification" name="test_persistence_metrics_are_observable_per_session" time="2.224" /><testcase classname="tests.test_phase4a.TestPhase4ATrueProcessRestart" name="test_checkpoint_survives_real_process_boundary" time="8.548" /><testcase classname="tests.test_phase4a.TestPhase4AToolDeterminismAcrossRestarts" name="test_tool_trace_hash_stable_across_independent_sessions" time="1.804" /><testcase classname="tests.test_phase4a.TestPhase4AToolDeterminismAcrossRestarts" name="test_tool_trace_hash_survives_checkpoint_round_trip" time="0.881" /><testcase classname="tests.test_phase4a.TestPhase4AToolDeterminismAcrossRestarts" name="test_tool_trace_hash_changes_with_different_inputs" time="1.835" /><testcase classname="tests.test_phase4a.TestPhase4AScaleAndPruning" name="test_pruning_enforced_after_hundred_turns" time="59.442" /><testcase classname="tests.test_phase4a.TestPhase4AScaleAndPruning" name="test_concurrent_sessions_remain_isolated" time="18.164" /><testcase classname="tests.test_phase4a.TestPhase4AScaleAndPruning" name="test_prune_returns_correct_deleted_count" time="8.781" /><testcase classname="tests.test_phase4a.TestPhase4ALargeStateCheckpoint" name="test_large_state_round_trip_fidelity" time="0.043" /><testcase classname="tests.test_phase4a.TestPhase4ALargeStateCheckpoint" name="test_large_state_metadata_survives_round_trip" time="0.027" /><testcase classname="tests.test_phase4a.TestPhase4ALargeStateCheckpoint" name="test_orchestrator_handles_large_preloaded_state" time="0.576" /></testsuite></testsuites>