<?xml version="1.0" encoding="utf-8"?><testsuites name="pytest tests"><testsuite name="pytest" errors="0" failures="0" skipped="0" tests="25" time="116.212" timestamp="2026-04-27T12:56:51.859420-04:00" hostname="JuniorWOPR"><testcase classname="tests.test_phase4a.TestPhase4AOrchestratorIntegration" name="test_orchestrator_available" time="0.393" /><testcase classname="tests.test_phase4a.TestPhase4AOrchestratorIntegration" name="test_single_scenario_orchestrator" time="0.004" /><testcase classname="tests.test_phase4a.TestPhase4AOrchestratorIntegration" name="test_all_scenarios_orchestrator" time="0.005" /><testcase classname="tests.test_phase4a.TestPhase4AOrchestratorIntegration" name="test_orchestrator_trace_capture" time="0.003" /><testcase classname="tests.test_phase4a.TestPhase4ACapabilityMeasurement" name="test_capability_profile_structure" time="0.146" /><testcase classname="tests.test_phase4a.TestPhase4ACapabilityMeasurement" name="test_real_vs_mock_difference" time="0.149" /><testcase classname="tests.test_phase4a.TestPhase4ARealCheckpointing" name="test_orchestrator_saves_checkpoint_after_real_turn" time="0.604" /><testcase classname="tests.test_phase4a.TestPhase4ARealCheckpointing" name="test_orchestrator_restores_state_after_simulated_restart" time="1.208" /><testcase classname="tests.test_phase4a.TestPhase4ARealCheckpointing" name="test_determinism_fields_present_in_saved_checkpoint" time="0.590" /><testcase classname="tests.test_phase4a.TestPhase4ARealCheckpointing" name="test_checkpoint_write_log_records_success_row" time="0.598" /><testcase classname="tests.test_phase4a.TestPhase4ARealCheckpointing" name="test_manifest_drift_warning_in_lenient_mode" time="1.186" /><testcase classname="tests.test_phase4a.TestPhase4ADeterminismVerification" name="test_lock_hash_stable_across_identical_inputs" time="1.313" /><testcase classname="tests.test_phase4a.TestPhase4ADeterminismVerification" name="test_tool_trace_hash_present_and_non_empty_after_real_turn" time="0.597" /><testcase classname="tests.test_phase4a.TestPhase4ADeterminismVerification" name="test_checkpoint_chain_integrity_after_two_real_turns" time="1.067" /><testcase classname="tests.test_phase4a.TestPhase4ADeterminismVerification" name="test_persistence_metrics_are_observable_per_session" time="1.545" /><testcase classname="tests.test_phase4a.TestPhase4ATrueProcessRestart" name="test_checkpoint_survives_real_process_boundary" time="7.718" /><testcase classname="tests.test_phase4a.TestPhase4AToolDeterminismAcrossRestarts" name="test_tool_trace_hash_stable_across_independent_sessions" time="1.207" /><testcase classname="tests.test_phase4a.TestPhase4AToolDeterminismAcrossRestarts" name="test_tool_trace_hash_survives_checkpoint_round_trip" time="0.613" /><testcase classname="tests.test_phase4a.TestPhase4AToolDeterminismAcrossRestarts" name="test_tool_trace_hash_changes_with_different_inputs" time="1.227" /><testcase classname="tests.test_phase4a.TestPhase4AScaleAndPruning" name="test_pruning_enforced_after_hundred_turns" time="58.269" /><testcase classname="tests.test_phase4a.TestPhase4AScaleAndPruning" name="test_concurrent_sessions_remain_isolated" time="24.248" /><testcase classname="tests.test_phase4a.TestPhase4AScaleAndPruning" name="test_prune_returns_correct_deleted_count" time="12.462" /><testcase classname="tests.test_phase4a.TestPhase4ALargeStateCheckpoint" name="test_large_state_round_trip_fidelity" time="0.071" /><testcase classname="tests.test_phase4a.TestPhase4ALargeStateCheckpoint" name="test_large_state_metadata_survives_round_trip" time="0.051" /><testcase classname="tests.test_phase4a.TestPhase4ALargeStateCheckpoint" name="test_orchestrator_handles_large_preloaded_state" time="0.840" /></testsuite></testsuites>