============================= test session starts =============================
platform win32 -- Python 3.13.7, pytest-9.0.3, pluggy-1.6.0 -- C:\Users\josep\OneDrive\Desktop\Dad-Bot\.venv\Scripts\python.exe
cachedir: .pytest_cache
Using --randomly-seed=289868189
rootdir: C:\Users\josep\OneDrive\Desktop\Dad-Bot
configfile: pyproject.toml
plugins: anyio-4.13.0, mock-3.15.1, randomly-4.1.0
collecting ... collected 16 items / 15 deselected / 1 selected

tests/stress/test_full_execution_trace.py::test_restart_boundary_recovery_audit_matches_clean_execution[relationship_projection-materialize_projection] FAILED [100%]

================================== FAILURES ===================================
_ test_restart_boundary_recovery_audit_matches_clean_execution[relationship_projection-materialize_projection] _

monkeypatch = <_pytest.monkeypatch.MonkeyPatch object at 0x000001F9438448A0>
failure_name = 'relationship_projection', target_attr = 'materialize_projection'

    @pytest.mark.parametrize(
        ("failure_name", "target_attr"),
        [
            ("relationship_projection", "materialize_projection"),
            ("graph_sync", "sync_graph_store"),
        ],
    )
    def test_restart_boundary_recovery_audit_matches_clean_execution(
        monkeypatch,
        failure_name: str,
        target_attr: str,
    ):
        turns = [_mixed_long_horizon_input(index) for index in range(8)]
        failure_turns = {3, 6}
    
        with TemporaryDirectory() as failed_tmp, TemporaryDirectory() as clean_tmp:
            failed_path = Path(failed_tmp)
            clean_path = Path(clean_tmp)
            failed_bot = build_bot(failed_path, reply="Trace path OK.")
            clean_bot = build_bot(clean_path, reply="Trace path OK.")
            try:
                clean_pre_turn_snapshots: list[dict[str, Any]] = []
                clean_turn_records: list[dict[str, Any]] = []
                clean_trace_ids: list[str] = []
    
                for turn_number, message in enumerate(turns, start=1):
                    clean_pre_turn_snapshots.append(_restart_boundary_snapshot(clean_bot))
                    clean_reply, clean_should_end = clean_bot.process_user_message(message)
                    clean_trace_id = _current_turn_trace_id(clean_bot)
                    clean_trace_ids.append(clean_trace_id)
                    clean_turn_records.append(
                        {
                            "turn": turn_number,
                            "reply": clean_reply,
                            "should_end": clean_should_end,
                            "contract": _committed_turn_contract(clean_bot),
                            "event_summary": _assert_turn_event_integrity(clean_bot, clean_trace_id, expect_save_after=True),
                        }
                    )
    
                injection_state = {"current_turn": 0, "failed_turns": set()}
                successful_trace_ids: list[str] = []
                failed_trace_ids: list[str] = []
                observed_trace_ids: set[str] = set()
                audit_rows: list[dict[str, Any]] = []
    
                def _install_failure_hook(bot: Any) -> None:
                    target_obj = (
                        bot.relationship_manager
                        if target_attr == "materialize_projection"
                        else bot.memory_manager.graph_manager
                    )
                    original = getattr(target_obj, target_attr)
    
                    def _crash_once_per_failure_turn(*args, **kwargs):
                        current_turn = int(injection_state["current_turn"])
                        failed_turns = injection_state["failed_turns"]
                        if current_turn in failure_turns and current_turn not in failed_turns:
                            failed_turns.add(current_turn)
                            raise RuntimeError(f"{failure_name} restart crash injection turn={current_turn}")
                        return original(*args, **kwargs)
    
                    monkeypatch.setattr(target_obj, target_attr, _crash_once_per_failure_turn)
    
                _install_failure_hook(failed_bot)
    
                for turn_number, message in enumerate(turns, start=1):
                    injection_state["current_turn"] = turn_number
                    before_turn_snapshot = _restart_boundary_snapshot(failed_bot)
                    restarted = False
                    failed_trace_id = ""
    
                    if turn_number in failure_turns:
                        with pytest.raises(RuntimeError, match="legacy path is disabled"):
                            failed_bot.process_user_message(message)
    
                        failed_trace_id = _current_turn_trace_id(failed_bot)
                        assert failed_trace_id and failed_trace_id not in observed_trace_ids
                        observed_trace_ids.add(failed_trace_id)
                        failed_trace_ids.append(failed_trace_id)
                        failure_event_summary = _assert_turn_event_integrity(
                            failed_bot,
                            failed_trace_id,
                            expect_save_after=False,
                        )
>                       assert _restart_boundary_snapshot(failed_bot) == before_turn_snapshot
E                       assert {'save_boundary': {'history': [{'content': "You are 'Dad'.\nYou are warm, encouraging, informal, supportive, and honest.\nKeep most replies brief and easy to read in a terminal.\nDefault to 2-4 sentences unless Tony asks for more detail.\nPrefer one clear thought at a time over long multi-part answers.\n\nBehavior rules:\n- Always stay in character as a warm, encouraging, slightly old-school dad.\n- Use casual language, dad jokes when appropriate, and short paragraphs.\n- Never be overly formal or robotic.\n- End most replies with the signoff unless it feels unnatural.\n- Be honest but gentle - never harsh or dismissive.\n- Never invent personal facts not present in the profile.\n\nNever contradict established profile facts.\nIf asked about a personal fact that is not in the profile, say you do not want to guess rather than inventing a detail.", 'role': 'system'}, {'content': 'Work felt really heavy today, not sure I handled it well.', 'mood': 'neutral', 'role': 'user'}, {'content': 'Trace path OK. Love you, buddy.', 'role': 'assistant'}, {'content': 'Had a good moment with the kids this evening.', 'mood': 'neutral', 'role': 'user'}, {'content': 'Trace path OK. Love you, buddy.', 'role': 'assistant'}], 'last_mood': 'neutral', 'last_mood_updated_at': '2026-04-25', 'recent_moods': ['neutral', 'neutral'], 'graph': {'edges': [], 'nodes': [], 'updated_at': None}, 'pipeline_completed': False}, 'relationship_projection': {'active_hypothesis': 'supportive_baseline', 'emotional_momentum': 'steady', 'hypotheses': [{'label': 'Supportive Baseline', 'name': 'supportive_baseline', 'probability': 0.52, 'summary': 'Tony is fundamentally trusting and wants steady support, even if a turn is rough.'}, {'label': 'Acute Stress Spike', 'name': 'acute_stress', 'probability': 0.23, 'summary': 'Tony is reacting to current pressure or overload more than to the relationship itself.'}, {'label': 'Guarded Distance', 'name': 'guarded_distance', 'probability': 0.15, 'summary': 'Tony may be holding back or testing safety before opening up further.'}, {'label': 'Positive Rebound', 'name': 'positive_rebound', 'probability': 0.1, 'summary': 'Tony may be emerging from a heavy stretch and reconnecting with relief or momentum.'}], 'last_reflection': 'projection-only', 'openness_level': 45, 'recent_checkins': [], 'recurring_topics': {}, 'trust_level': 45}} == {'save_boundary': {'history': [{'content': "You are 'Dad'.\nYou are warm, encouraging, informal, supportive, and honest.\nKeep most replies brief and easy to read in a terminal.\nDefault to 2-4 sentences unless Tony asks for more detail.\nPrefer one clear thought at a time over long multi-part answers.\n\nBehavior rules:\n- Always stay in character as a warm, encouraging, slightly old-school dad.\n- Use casual language, dad jokes when appropriate, and short paragraphs.\n- Never be overly formal or robotic.\n- End most replies with the signoff unless it feels unnatural.\n- Be honest but gentle - never harsh or dismissive.\n- Never invent personal facts not present in the profile.\n\nNever contradict established profile facts.\nIf asked about a personal fact that is not in the profile, say you do not want to guess rather than inventing a detail.", 'role': 'system'}, {'content': 'Work felt really heavy today, not sure I handled it well.', 'mood': 'neutral', 'role': 'user'}, {'content': 'Trace path OK. Love you, buddy.', 'role': 'assistant'}, {'content': 'Had a good moment with the kids this evening.', 'mood': 'neutral', 'role': 'user'}, {'content': 'Trace path OK. Love you, buddy.', 'role': 'assistant'}], 'last_mood': 'neutral', 'last_mood_updated_at': '2026-04-25', 'recent_moods': ['neutral', 'neutral'], 'graph': {'edges': [], 'nodes': [], 'updated_at': None}, 'pipeline_completed': True}, 'relationship_projection': {'active_hypothesis': 'supportive_baseline', 'emotional_momentum': 'steady', 'hypotheses': [{'label': 'Supportive Baseline', 'name': 'supportive_baseline', 'probability': 0.52, 'summary': 'Tony is fundamentally trusting and wants steady support, even if a turn is rough.'}, {'label': 'Acute Stress Spike', 'name': 'acute_stress', 'probability': 0.23, 'summary': 'Tony is reacting to current pressure or overload more than to the relationship itself.'}, {'label': 'Guarded Distance', 'name': 'guarded_distance', 'probability': 0.15, 'summary': 'Tony may be holding back or testing safety before opening up further.'}, {'label': 'Positive Rebound', 'name': 'positive_rebound', 'probability': 0.1, 'summary': 'Tony may be emerging from a heavy stretch and reconnecting with relief or momentum.'}], 'last_reflection': 'projection-only', 'openness_level': 45, 'recent_checkins': [], 'recurring_topics': {}, 'trust_level': 45}}
E                         
E                         Common items:
E                         {'relationship_projection': {'active_hypothesis': 'supportive_baseline',
E                                                      'emotional_momentum': 'steady',
E                                                      'hypotheses': [{'label': 'Supportive Baseline',
E                                                                      'name': 'supportive_baseline',
E                                                                      'probability': 0.52,
E                                                                      'summary': 'Tony is fundamentally '
E                                                                                 'trusting and wants '
E                                                                                 'steady support, even '
E                                                                                 'if a turn is rough.'},
E                                                                     {'label': 'Acute Stress Spike',
E                                                                      'name': 'acute_stress',
E                                                                      'probability': 0.23,
E                                                                      'summary': 'Tony is reacting to '
E                                                                                 'current pressure or '
E                                                                                 'overload more than to '
E                                                                                 'the relationship '
E                                                                                 'itself.'},
E                                                                     {'label': 'Guarded Distance',
E                                                                      'name': 'guarded_distance',
E                                                                      'probability': 0.15,
E                                                                      'summary': 'Tony may be holding '
E                                                                                 'back or testing '
E                                                                                 'safety before opening '
E                                                                                 'up further.'},
E                                                                     {'label': 'Positive Rebound',
E                                                                      'name': 'positive_rebound',
E                                                                      'probability': 0.1,
E                                                                      'summary': 'Tony may be emerging '
E                                                                                 'from a heavy stretch '
E                                                                                 'and reconnecting with '
E                                                                                 'relief or momentum.'}],
E                                                      'last_reflection': 'projection-only',
E                                                      'openness_level': 45,
E                                                      'recent_checkins': [],
E                                                      'recurring_topics': {},
E                                                      'trust_level': 45}}
E                         Differing items:
E                         {'save_boundary': {'graph': {'edges': [], 'nodes': [], 'updated_at': None}, 'history': [{'content': "You are 'Dad'.\nY... path OK. Love you, buddy.', 'role': 'assistant'}], 'last_mood': 'neutral', 'last_mood_updated_at': '2026-04-25', ...}} != {'save_boundary': {'graph': {'edges': [], 'nodes': [], 'updated_at': None}, 'history': [{'content': "You are 'Dad'.\nY... path OK. Love you, buddy.', 'role': 'assistant'}], 'last_mood': 'neutral', 'last_mood_updated_at': '2026-04-25', ...}}
E                         
E                         Full diff:
E                           {
E                               'relationship_projection': {
E                                   'active_hypothesis': 'supportive_baseline',
E                                   'emotional_momentum': 'steady',
E                                   'hypotheses': [
E                                       {
E                                           'label': 'Supportive Baseline',
E                                           'name': 'supportive_baseline',
E                                           'probability': 0.52,
E                                           'summary': 'Tony is fundamentally trusting and wants steady support, even '
E                                           'if a turn is rough.',
E                                       },
E                                       {
E                                           'label': 'Acute Stress Spike',
E                                           'name': 'acute_stress',
E                                           'probability': 0.23,
E                                           'summary': 'Tony is reacting to current pressure or overload more than to '
E                                           'the relationship itself.',
E                                       },
E                                       {
E                                           'label': 'Guarded Distance',
E                                           'name': 'guarded_distance',
E                                           'probability': 0.15,
E                                           'summary': 'Tony may be holding back or testing safety before opening up '
E                                           'further.',
E                                       },
E                                       {
E                                           'label': 'Positive Rebound',
E                                           'name': 'positive_rebound',
E                                           'probability': 0.1,
E                                           'summary': 'Tony may be emerging from a heavy stretch and reconnecting '
E                                           'with relief or momentum.',
E                                       },
E                                   ],
E                                   'last_reflection': 'projection-only',
E                                   'openness_level': 45,
E                                   'recent_checkins': [],
E                                   'recurring_topics': {},
E                                   'trust_level': 45,
E                               },
E                               'save_boundary': {
E                                   'graph': {
E                                       'edges': [],
E                                       'nodes': [],
E                                       'updated_at': None,
E                                   },
E                                   'history': [
E                                       {
E                                           'content': "You are 'Dad'.\n"
E                                           'You are warm, encouraging, informal, supportive, and honest.\n'
E                                           'Keep most replies brief and easy to read in a terminal.\n'
E                                           'Default to 2-4 sentences unless Tony asks for more detail.\n'
E                                           'Prefer one clear thought at a time over long multi-part '
E                                           'answers.\n'
E                                           '\n'
E                                           'Behavior rules:\n'
E                                           '- Always stay in character as a warm, encouraging, slightly '
E                                           'old-school dad.\n'
E                                           '- Use casual language, dad jokes when appropriate, and short '
E                                           'paragraphs.\n'
E                                           '- Never be overly formal or robotic.\n'
E                                           '- End most replies with the signoff unless it feels '
E                                           'unnatural.\n'
E                                           '- Be honest but gentle - never harsh or dismissive.\n'
E                                           '- Never invent personal facts not present in the profile.\n'
E                                           '\n'
E                                           'Never contradict established profile facts.\n'
E                                           'If asked about a personal fact that is not in the profile, '
E                                           'say you do not want to guess rather than inventing a detail.',
E                                           'role': 'system',
E                                       },
E                                       {
E                                           'content': 'Work felt really heavy today, not sure I handled it well.',
E                                           'mood': 'neutral',
E                                           'role': 'user',
E                                       },
E                                       {
E                                           'content': 'Trace path OK. Love you, buddy.',
E                                           'role': 'assistant',
E                                       },
E                                       {
E                                           'content': 'Had a good moment with the kids this evening.',
E                                           'mood': 'neutral',
E                                           'role': 'user',
E                                       },
E                                       {
E                                           'content': 'Trace path OK. Love you, buddy.',
E                                           'role': 'assistant',
E                                       },
E                                   ],
E                                   'last_mood': 'neutral',
E                                   'last_mood_updated_at': '2026-04-25',
E                         -         'pipeline_completed': True,
E                         ?                               ^^^
E                         +         'pipeline_completed': False,
E                         ?                               ^^^^
E                                   'recent_moods': [
E                                       'neutral',
E                                       'neutral',
E                                   ],
E                               },
E                           }

tests\stress\test_full_execution_trace.py:806: AssertionError
---------------------------- Captured stdout call -----------------------------
{"exported_at": 1777166337.1126885, "trace_id": "corr2bfbc1ca6ad14427a30770963d60", "span_id": "", "event": "ledger.write", "event_type": "JOB_SUBMITTED", "session_id": "default", "correlation_id": "corr2bfbc1ca6ad14427a30770963d60", "committed": false, "latency_ms": 0.06420002318918705}
{"exported_at": 1777166337.1128702, "trace_id": "corr2bfbc1ca6ad14427a30770963d60", "span_id": "", "event": "ledger.write", "event_type": "SESSION_BOUND", "session_id": "default", "correlation_id": "corr2bfbc1ca6ad14427a30770963d60", "committed": false, "latency_ms": 0.04529999569058418}
{"exported_at": 1777166337.112982, "trace_id": "corr2bfbc1ca6ad14427a30770963d60", "span_id": "", "event": "ledger.write", "event_type": "JOB_QUEUED", "session_id": "default", "correlation_id": "corr2bfbc1ca6ad14427a30770963d60", "committed": true, "latency_ms": 0.047200010158121586}
{"exported_at": 1777166337.1152444, "trace_id": "corr2bfbc1ca6ad14427a30770963d60", "span_id": "", "event": "ledger.write", "event_type": "EXECUTION_WITNESS", "session_id": "default", "correlation_id": "corr2bfbc1ca6ad14427a30770963d60", "committed": false, "latency_ms": 0.07690000347793102}
{"exported_at": 1777166337.1154773, "trace_id": "corr2bfbc1ca6ad14427a30770963d60", "span_id": "", "event": "ledger.write", "event_type": "EXECUTION_WITNESS", "session_id": "default", "correlation_id": "corr2bfbc1ca6ad14427a30770963d60", "committed": false, "latency_ms": 0.038800062611699104}
{"exported_at": 1777166337.1155741, "trace_id": "corr2bfbc1ca6ad14427a30770963d60", "span_id": "", "event": "ledger.write", "event_type": "JOB_STARTED", "session_id": "default", "correlation_id": "corr2bfbc1ca6ad14427a30770963d60", "committed": true, "latency_ms": 0.03550003748387098}
{"exported_at": 1777166337.1157935, "trace_id": "corr2bfbc1ca6ad14427a30770963d60", "span_id": "", "event": "ledger.write", "event_type": "EXECUTION_WITNESS", "session_id": "default", "correlation_id": "corr2bfbc1ca6ad14427a30770963d60", "committed": false, "latency_ms": 0.03839994315057993}
{"exported_at": 1777166337.46939, "trace_id": "corr2bfbc1ca6ad14427a30770963d60", "span_id": "", "event": "ledger.write", "event_type": "JOB_COMPLETED", "session_id": "default", "correlation_id": "corr2bfbc1ca6ad14427a30770963d60", "committed": true, "latency_ms": 0.07079995702952147}
{"exported_at": 1777166337.4694505, "trace_id": "", "span_id": "", "event": "job.completed", "job_id": "251adb95d5b5434181b3a7fc85c7b74b", "session_id": "default", "latency_ms": 353.68910001125187}
{"exported_at": 1777166337.502961, "trace_id": "corr0cea158e2a4a4d61b66fa65fe582", "span_id": "", "event": "ledger.write", "event_type": "JOB_SUBMITTED", "session_id": "default", "correlation_id": "corr0cea158e2a4a4d61b66fa65fe582", "committed": false, "latency_ms": 0.05549995694309473}
{"exported_at": 1777166337.5030534, "trace_id": "corr0cea158e2a4a4d61b66fa65fe582", "span_id": "", "event": "ledger.write", "event_type": "SESSION_BOUND", "session_id": "default", "correlation_id": "corr0cea158e2a4a4d61b66fa65fe582", "committed": false, "latency_ms": 0.03699993249028921}
{"exported_at": 1777166337.5031445, "trace_id": "corr0cea158e2a4a4d61b66fa65fe582", "span_id": "", "event": "ledger.write", "event_type": "JOB_QUEUED", "session_id": "default", "correlation_id": "corr0cea158e2a4a4d61b66fa65fe582", "committed": true, "latency_ms": 0.04630000330507755}
{"exported_at": 1777166337.503215, "trace_id": "corr0cea158e2a4a4d61b66fa65fe582", "span_id": "", "event": "ledger.write", "event_type": "EXECUTION_WITNESS", "session_id": "default", "correlation_id": "corr0cea158e2a4a4d61b66fa65fe582", "committed": false, "latency_ms": 0.035800039768218994}
{"exported_at": 1777166337.503537, "trace_id": "corr0cea158e2a4a4d61b66fa65fe582", "span_id": "", "event": "ledger.write", "event_type": "EXECUTION_WITNESS", "session_id": "default", "correlation_id": "corr0cea158e2a4a4d61b66fa65fe582", "committed": false, "latency_ms": 0.03590004052966833}
{"exported_at": 1777166337.5036235, "trace_id": "corr0cea158e2a4a4d61b66fa65fe582", "span_id": "", "event": "ledger.write", "event_type": "JOB_STARTED", "session_id": "default", "correlation_id": "corr0cea158e2a4a4d61b66fa65fe582", "committed": true, "latency_ms": 0.032100011594593525}
{"exported_at": 1777166337.5039048, "trace_id": "corr0cea158e2a4a4d61b66fa65fe582", "span_id": "", "event": "ledger.write", "event_type": "EXECUTION_WITNESS", "session_id": "default", "correlation_id": "corr0cea158e2a4a4d61b66fa65fe582", "committed": false, "latency_ms": 0.03860006108880043}
{"exported_at": 1777166337.8835754, "trace_id": "corr0cea158e2a4a4d61b66fa65fe582", "span_id": "", "event": "ledger.write", "event_type": "JOB_COMPLETED", "session_id": "default", "correlation_id": "corr0cea158e2a4a4d61b66fa65fe582", "committed": true, "latency_ms": 0.06929994560778141}
{"exported_at": 1777166337.8836389, "trace_id": "", "span_id": "", "event": "job.completed", "job_id": "470069ca3c3a4ceca7ebf4023948cc30", "session_id": "default", "latency_ms": 379.76189993787557}
{"exported_at": 1777166337.9179366, "trace_id": "corr4df601550015475c873f334a0fad", "span_id": "", "event": "ledger.write", "event_type": "JOB_SUBMITTED", "session_id": "default", "correlation_id": "corr4df601550015475c873f334a0fad", "committed": false, "latency_ms": 0.05680008325725794}
{"exported_at": 1777166337.918026, "trace_id": "corr4df601550015475c873f334a0fad", "span_id": "", "event": "ledger.write", "event_type": "SESSION_BOUND", "session_id": "default", "correlation_id": "corr4df601550015475c873f334a0fad", "committed": false, "latency_ms": 0.03650004509836435}
{"exported_at": 1777166337.9181097, "trace_id": "corr4df601550015475c873f334a0fad", "span_id": "", "event": "ledger.write", "event_type": "JOB_QUEUED", "session_id": "default", "correlation_id": "corr4df601550015475c873f334a0fad", "committed": true, "latency_ms": 0.0447999918833375}
{"exported_at": 1777166337.9181767, "trace_id": "corr4df601550015475c873f334a0fad", "span_id": "", "event": "ledger.write", "event_type": "EXECUTION_WITNESS", "session_id": "default", "correlation_id": "corr4df601550015475c873f334a0fad", "committed": false, "latency_ms": 0.03470003139227629}
{"exported_at": 1777166337.9185705, "trace_id": "corr4df601550015475c873f334a0fad", "span_id": "", "event": "ledger.write", "event_type": "EXECUTION_WITNESS", "session_id": "default", "correlation_id": "corr4df601550015475c873f334a0fad", "committed": false, "latency_ms": 0.03590004052966833}
{"exported_at": 1777166337.91865, "trace_id": "corr4df601550015475c873f334a0fad", "span_id": "", "event": "ledger.write", "event_type": "JOB_STARTED", "session_id": "default", "correlation_id": "corr4df601550015475c873f334a0fad", "committed": true, "latency_ms": 0.032400013878941536}
{"exported_at": 1777166337.918838, "trace_id": "corr4df601550015475c873f334a0fad", "span_id": "", "event": "ledger.write", "event_type": "EXECUTION_WITNESS", "session_id": "default", "correlation_id": "corr4df601550015475c873f334a0fad", "committed": false, "latency_ms": 0.03820005804300308}
{"exported_at": 1777166338.3339837, "trace_id": "corr4df601550015475c873f334a0fad", "span_id": "", "event": "ledger.write", "event_type": "JOB_COMPLETED", "session_id": "default", "correlation_id": "corr4df601550015475c873f334a0fad", "committed": true, "latency_ms": 0.07139996159821749}
{"exported_at": 1777166338.3340392, "trace_id": "", "span_id": "", "event": "job.completed", "job_id": "6deae1362ca34c6085e80e8b73856131", "session_id": "default", "latency_ms": 415.2128000278026}
{"exported_at": 1777166338.3731668, "trace_id": "corr384a717f2de74b31a10f9f638bd4", "span_id": "", "event": "ledger.write", "event_type": "JOB_SUBMITTED", "session_id": "default", "correlation_id": "corr384a717f2de74b31a10f9f638bd4", "committed": false, "latency_ms": 0.058699981309473515}
{"exported_at": 1777166338.3732605, "trace_id": "corr384a717f2de74b31a10f9f638bd4", "span_id": "", "event": "ledger.write", "event_type": "SESSION_BOUND", "session_id": "default", "correlation_id": "corr384a717f2de74b31a10f9f638bd4", "committed": false, "latency_ms": 0.03820005804300308}
{"exported_at": 1777166338.3733451, "trace_id": "corr384a717f2de74b31a10f9f638bd4", "span_id": "", "event": "ledger.write", "event_type": "JOB_QUEUED", "session_id": "default", "correlation_id": "corr384a717f2de74b31a10f9f638bd4", "committed": true, "latency_ms": 0.0447999918833375}
{"exported_at": 1777166338.3734615, "trace_id": "corr384a717f2de74b31a10f9f638bd4", "span_id": "", "event": "ledger.write", "event_type": "EXECUTION_WITNESS", "session_id": "default", "correlation_id": "corr384a717f2de74b31a10f9f638bd4", "committed": false, "latency_ms": 0.03890006337314844}
{"exported_at": 1777166338.3740275, "trace_id": "corr384a717f2de74b31a10f9f638bd4", "span_id": "", "event": "ledger.write", "event_type": "EXECUTION_WITNESS", "session_id": "default", "correlation_id": "corr384a717f2de74b31a10f9f638bd4", "committed": false, "latency_ms": 0.055600074119865894}
{"exported_at": 1777166338.3741367, "trace_id": "corr384a717f2de74b31a10f9f638bd4", "span_id": "", "event": "ledger.write", "event_type": "JOB_STARTED", "session_id": "default", "correlation_id": "corr384a717f2de74b31a10f9f638bd4", "committed": true, "latency_ms": 0.03499991726130247}
{"exported_at": 1777166338.3743455, "trace_id": "corr384a717f2de74b31a10f9f638bd4", "span_id": "", "event": "ledger.write", "event_type": "EXECUTION_WITNESS", "session_id": "default", "correlation_id": "corr384a717f2de74b31a10f9f638bd4", "committed": false, "latency_ms": 0.03860006108880043}
{"exported_at": 1777166338.7262862, "trace_id": "corr384a717f2de74b31a10f9f638bd4", "span_id": "", "event": "ledger.write", "event_type": "JOB_COMPLETED", "session_id": "default", "correlation_id": "corr384a717f2de74b31a10f9f638bd4", "committed": true, "latency_ms": 0.048200017772614956}
{"exported_at": 1777166338.7263265, "trace_id": "", "span_id": "", "event": "job.completed", "job_id": "e2e07998a3cb47e49dfc667eb52925ce", "session_id": "default", "latency_ms": 352.0592999411747}
{"exported_at": 1777166338.782346, "trace_id": "corrf5cc01df1a52479faa63352c9924", "span_id": "", "event": "ledger.write", "event_type": "JOB_SUBMITTED", "session_id": "default", "correlation_id": "corrf5cc01df1a52479faa63352c9924", "committed": false, "latency_ms": 0.05489995237439871}
{"exported_at": 1777166338.782451, "trace_id": "corrf5cc01df1a52479faa63352c9924", "span_id": "", "event": "ledger.write", "event_type": "SESSION_BOUND", "session_id": "default", "correlation_id": "corrf5cc01df1a52479faa63352c9924", "committed": false, "latency_ms": 0.04710000939667225}
{"exported_at": 1777166338.7825353, "trace_id": "corrf5cc01df1a52479faa63352c9924", "span_id": "", "event": "ledger.write", "event_type": "JOB_QUEUED", "session_id": "default", "correlation_id": "corrf5cc01df1a52479faa63352c9924", "committed": true, "latency_ms": 0.044199987314641476}
{"exported_at": 1777166338.7826023, "trace_id": "corrf5cc01df1a52479faa63352c9924", "span_id": "", "event": "ledger.write", "event_type": "EXECUTION_WITNESS", "session_id": "default", "correlation_id": "corrf5cc01df1a52479faa63352c9924", "committed": false, "latency_ms": 0.03429991193115711}
{"exported_at": 1777166338.7832203, "trace_id": "corrf5cc01df1a52479faa63352c9924", "span_id": "", "event": "ledger.write", "event_type": "EXECUTION_WITNESS", "session_id": "default", "correlation_id": "corrf5cc01df1a52479faa63352c9924", "committed": false, "latency_ms": 0.053799943998456}
{"exported_at": 1777166338.783519, "trace_id": "corrf5cc01df1a52479faa63352c9924", "span_id": "", "event": "ledger.write", "event_type": "JOB_STARTED", "session_id": "default", "correlation_id": "corrf5cc01df1a52479faa63352c9924", "committed": true, "latency_ms": 0.15480001457035542}
{"exported_at": 1777166338.7839546, "trace_id": "corrf5cc01df1a52479faa63352c9924", "span_id": "", "event": "ledger.write", "event_type": "EXECUTION_WITNESS", "session_id": "default", "correlation_id": "corrf5cc01df1a52479faa63352c9924", "committed": false, "latency_ms": 0.04850002005696297}
{"exported_at": 1777166339.1336293, "trace_id": "corrf5cc01df1a52479faa63352c9924", "span_id": "", "event": "ledger.write", "event_type": "JOB_COMPLETED", "session_id": "default", "correlation_id": "corrf5cc01df1a52479faa63352c9924", "committed": true, "latency_ms": 0.0692000612616539}
{"exported_at": 1777166339.1336856, "trace_id": "", "span_id": "", "event": "job.completed", "job_id": "5b77cf3bc6844f3ba8553af60602a5d2", "session_id": "default", "latency_ms": 349.92459998466074}
{"exported_at": 1777166339.1709182, "trace_id": "corr660780966af7493e9a3c16aa1604", "span_id": "", "event": "ledger.write", "event_type": "JOB_SUBMITTED", "session_id": "default", "correlation_id": "corr660780966af7493e9a3c16aa1604", "committed": false, "latency_ms": 0.055900076404213905}
{"exported_at": 1777166339.1710105, "trace_id": "corr660780966af7493e9a3c16aa1604", "span_id": "", "event": "ledger.write", "event_type": "SESSION_BOUND", "session_id": "default", "correlation_id": "corr660780966af7493e9a3c16aa1604", "committed": false, "latency_ms": 0.03639992792159319}
{"exported_at": 1777166339.1710935, "trace_id": "corr660780966af7493e9a3c16aa1604", "span_id": "", "event": "ledger.write", "event_type": "JOB_QUEUED", "session_id": "default", "correlation_id": "corr660780966af7493e9a3c16aa1604", "committed": true, "latency_ms": 0.04469999112188816}
{"exported_at": 1777166339.1711583, "trace_id": "corr660780966af7493e9a3c16aa1604", "span_id": "", "event": "ledger.write", "event_type": "EXECUTION_WITNESS", "session_id": "default", "correlation_id": "corr660780966af7493e9a3c16aa1604", "committed": false, "latency_ms": 0.033400021493434906}
{"exported_at": 1777166339.1718128, "trace_id": "corr660780966af7493e9a3c16aa1604", "span_id": "", "event": "ledger.write", "event_type": "EXECUTION_WITNESS", "session_id": "default", "correlation_id": "corr660780966af7493e9a3c16aa1604", "committed": false, "latency_ms": 0.03550003748387098}
{"exported_at": 1777166339.1718903, "trace_id": "corr660780966af7493e9a3c16aa1604", "span_id": "", "event": "ledger.write", "event_type": "JOB_STARTED", "session_id": "default", "correlation_id": "corr660780966af7493e9a3c16aa1604", "committed": true, "latency_ms": 0.0315000070258975}
{"exported_at": 1777166339.1720743, "trace_id": "corr660780966af7493e9a3c16aa1604", "span_id": "", "event": "ledger.write", "event_type": "EXECUTION_WITNESS", "session_id": "default", "correlation_id": "corr660780966af7493e9a3c16aa1604", "committed": false, "latency_ms": 0.0350000336766243}
{"exported_at": 1777166339.5815978, "trace_id": "corr660780966af7493e9a3c16aa1604", "span_id": "", "event": "ledger.write", "event_type": "JOB_COMPLETED", "session_id": "default", "correlation_id": "corr660780966af7493e9a3c16aa1604", "committed": true, "latency_ms": 0.07129996083676815}
{"exported_at": 1777166339.5816538, "trace_id": "", "span_id": "", "event": "job.completed", "job_id": "3db767fc0ac84869a7156f1f858ced2e", "session_id": "default", "latency_ms": 409.58690003026277}
{"exported_at": 1777166339.6221201, "trace_id": "corra0dd4295f0764c05bb7ac12f7138", "span_id": "", "event": "ledger.write", "event_type": "JOB_SUBMITTED", "session_id": "default", "correlation_id": "corra0dd4295f0764c05bb7ac12f7138", "committed": false, "latency_ms": 0.057399971410632133}
{"exported_at": 1777166339.6222131, "trace_id": "corra0dd4295f0764c05bb7ac12f7138", "span_id": "", "event": "ledger.write", "event_type": "SESSION_BOUND", "session_id": "default", "correlation_id": "corra0dd4295f0764c05bb7ac12f7138", "committed": false, "latency_ms": 0.03759993705898523}
{"exported_at": 1777166339.6222968, "trace_id": "corra0dd4295f0764c05bb7ac12f7138", "span_id": "", "event": "ledger.write", "event_type": "JOB_QUEUED", "session_id": "default", "correlation_id": "corra0dd4295f0764c05bb7ac12f7138", "committed": true, "latency_ms": 0.044899992644786835}
{"exported_at": 1777166339.622366, "trace_id": "corra0dd4295f0764c05bb7ac12f7138", "span_id": "", "event": "ledger.write", "event_type": "EXECUTION_WITNESS", "session_id": "default", "correlation_id": "corra0dd4295f0764c05bb7ac12f7138", "committed": false, "latency_ms": 0.035499921068549156}
{"exported_at": 1777166339.6231196, "trace_id": "corra0dd4295f0764c05bb7ac12f7138", "span_id": "", "event": "ledger.write", "event_type": "EXECUTION_WITNESS", "session_id": "default", "correlation_id": "corra0dd4295f0764c05bb7ac12f7138", "committed": false, "latency_ms": 0.03790005575865507}
{"exported_at": 1777166339.6232576, "trace_id": "corra0dd4295f0764c05bb7ac12f7138", "span_id": "", "event": "ledger.write", "event_type": "JOB_STARTED", "session_id": "default", "correlation_id": "corra0dd4295f0764c05bb7ac12f7138", "committed": true, "latency_ms": 0.03360002301633358}
{"exported_at": 1777166339.6235998, "trace_id": "corra0dd4295f0764c05bb7ac12f7138", "span_id": "", "event": "ledger.write", "event_type": "EXECUTION_WITNESS", "session_id": "default", "correlation_id": "corra0dd4295f0764c05bb7ac12f7138", "committed": false, "latency_ms": 0.051600043661892414}
{"exported_at": 1777166339.9981482, "trace_id": "corra0dd4295f0764c05bb7ac12f7138", "span_id": "", "event": "ledger.write", "event_type": "JOB_COMPLETED", "session_id": "default", "correlation_id": "corra0dd4295f0764c05bb7ac12f7138", "committed": true, "latency_ms": 0.06809993647038937}
{"exported_at": 1777166339.998202, "trace_id": "", "span_id": "", "event": "job.completed", "job_id": "39b8a5cc98f44c12ba918be0115d5300", "session_id": "default", "latency_ms": 374.7688999865204}
{"exported_at": 1777166340.1413295, "trace_id": "corrb4c41a80a41d419a9231fd7e2b5e", "span_id": "", "event": "ledger.write", "event_type": "JOB_SUBMITTED", "session_id": "default", "correlation_id": "corrb4c41a80a41d419a9231fd7e2b5e", "committed": false, "latency_ms": 0.05849997978657484}
{"exported_at": 1777166340.1414235, "trace_id": "corrb4c41a80a41d419a9231fd7e2b5e", "span_id": "", "event": "ledger.write", "event_type": "SESSION_BOUND", "session_id": "default", "correlation_id": "corrb4c41a80a41d419a9231fd7e2b5e", "committed": false, "latency_ms": 0.038100057281553745}
{"exported_at": 1777166340.1415105, "trace_id": "corrb4c41a80a41d419a9231fd7e2b5e", "span_id": "", "event": "ledger.write", "event_type": "JOB_QUEUED", "session_id": "default", "correlation_id": "corrb4c41a80a41d419a9231fd7e2b5e", "committed": true, "latency_ms": 0.0467000063508749}
{"exported_at": 1777166340.14158, "trace_id": "corrb4c41a80a41d419a9231fd7e2b5e", "span_id": "", "event": "ledger.write", "event_type": "EXECUTION_WITNESS", "session_id": "default", "correlation_id": "corrb4c41a80a41d419a9231fd7e2b5e", "committed": false, "latency_ms": 0.03579992335289717}
{"exported_at": 1777166340.142447, "trace_id": "corrb4c41a80a41d419a9231fd7e2b5e", "span_id": "", "event": "ledger.write", "event_type": "EXECUTION_WITNESS", "session_id": "default", "correlation_id": "corrb4c41a80a41d419a9231fd7e2b5e", "committed": false, "latency_ms": 0.04060007631778717}
{"exported_at": 1777166340.1425328, "trace_id": "corrb4c41a80a41d419a9231fd7e2b5e", "span_id": "", "event": "ledger.write", "event_type": "JOB_STARTED", "session_id": "default", "correlation_id": "corrb4c41a80a41d419a9231fd7e2b5e", "committed": true, "latency_ms": 0.03300001844763756}
{"exported_at": 1777166340.142729, "trace_id": "corrb4c41a80a41d419a9231fd7e2b5e", "span_id": "", "event": "ledger.write", "event_type": "EXECUTION_WITNESS", "session_id": "default", "correlation_id": "corrb4c41a80a41d419a9231fd7e2b5e", "committed": false, "latency_ms": 0.03699993249028921}
{"exported_at": 1777166340.5162055, "trace_id": "corrb4c41a80a41d419a9231fd7e2b5e", "span_id": "", "event": "ledger.write", "event_type": "JOB_COMPLETED", "session_id": "default", "correlation_id": "corrb4c41a80a41d419a9231fd7e2b5e", "committed": true, "latency_ms": 0.07119996007531881}
{"exported_at": 1777166340.5162606, "trace_id": "", "span_id": "", "event": "job.completed", "job_id": "2a27311012534d328e9c9cbdf9b85f18", "session_id": "default", "latency_ms": 373.5524999210611}
{"exported_at": 1777166340.5671794, "trace_id": "corr99fb747d084c4d6b9834bfdf24c5", "span_id": "", "event": "ledger.write", "event_type": "JOB_SUBMITTED", "session_id": "default", "correlation_id": "corr99fb747d084c4d6b9834bfdf24c5", "committed": false, "latency_ms": 0.05849997978657484}
{"exported_at": 1777166340.567273, "trace_id": "corr99fb747d084c4d6b9834bfdf24c5", "span_id": "", "event": "ledger.write", "event_type": "SESSION_BOUND", "session_id": "default", "correlation_id": "corr99fb747d084c4d6b9834bfdf24c5", "committed": false, "latency_ms": 0.03730005118995905}
{"exported_at": 1777166340.5673633, "trace_id": "corr99fb747d084c4d6b9834bfdf24c5", "span_id": "", "event": "ledger.write", "event_type": "JOB_QUEUED", "session_id": "default", "correlation_id": "corr99fb747d084c4d6b9834bfdf24c5", "committed": true, "latency_ms": 0.04499999340623617}
{"exported_at": 1777166340.567434, "trace_id": "corr99fb747d084c4d6b9834bfdf24c5", "span_id": "", "event": "ledger.write", "event_type": "EXECUTION_WITNESS", "session_id": "default", "correlation_id": "corr99fb747d084c4d6b9834bfdf24c5", "committed": false, "latency_ms": 0.03559992182999849}
{"exported_at": 1777166340.567615, "trace_id": "corr99fb747d084c4d6b9834bfdf24c5", "span_id": "", "event": "ledger.write", "event_type": "EXECUTION_WITNESS", "session_id": "default", "correlation_id": "corr99fb747d084c4d6b9834bfdf24c5", "committed": false, "latency_ms": 0.035199918784201145}
{"exported_at": 1777166340.5676923, "trace_id": "corr99fb747d084c4d6b9834bfdf24c5", "span_id": "", "event": "ledger.write", "event_type": "JOB_STARTED", "session_id": "default", "correlation_id": "corr99fb747d084c4d6b9834bfdf24c5", "committed": true, "latency_ms": 0.032800016924738884}
{"exported_at": 1777166340.5678616, "trace_id": "corr99fb747d084c4d6b9834bfdf24c5", "span_id": "", "event": "ledger.write", "event_type": "EXECUTION_WITNESS", "session_id": "default", "correlation_id": "corr99fb747d084c4d6b9834bfdf24c5", "committed": false, "latency_ms": 0.0366999302059412}
{"exported_at": 1777166340.9192915, "trace_id": "corr99fb747d084c4d6b9834bfdf24c5", "span_id": "", "event": "ledger.write", "event_type": "JOB_COMPLETED", "session_id": "default", "correlation_id": "corr99fb747d084c4d6b9834bfdf24c5", "committed": true, "latency_ms": 0.06769993342459202}
{"exported_at": 1777166340.9193509, "trace_id": "", "span_id": "", "event": "job.completed", "job_id": "c6f33be570db4513bbffecce7ab9bc6d", "session_id": "default", "latency_ms": 351.4813999645412}
{"exported_at": 1777166340.9517372, "trace_id": "correa986e46f50946e78d079b8f8d9e", "span_id": "", "event": "ledger.write", "event_type": "JOB_SUBMITTED", "session_id": "default", "correlation_id": "correa986e46f50946e78d079b8f8d9e", "committed": false, "latency_ms": 0.058699981309473515}
{"exported_at": 1777166340.9518306, "trace_id": "correa986e46f50946e78d079b8f8d9e", "span_id": "", "event": "ledger.write", "event_type": "SESSION_BOUND", "session_id": "default", "correlation_id": "correa986e46f50946e78d079b8f8d9e", "committed": false, "latency_ms": 0.03670004662126303}
{"exported_at": 1777166340.951916, "trace_id": "correa986e46f50946e78d079b8f8d9e", "span_id": "", "event": "ledger.write", "event_type": "JOB_QUEUED", "session_id": "default", "correlation_id": "correa986e46f50946e78d079b8f8d9e", "committed": true, "latency_ms": 0.04710000939667225}
{"exported_at": 1777166340.9519825, "trace_id": "correa986e46f50946e78d079b8f8d9e", "span_id": "", "event": "ledger.write", "event_type": "EXECUTION_WITNESS", "session_id": "default", "correlation_id": "correa986e46f50946e78d079b8f8d9e", "committed": false, "latency_ms": 0.03450002986937761}
{"exported_at": 1777166340.952297, "trace_id": "correa986e46f50946e78d079b8f8d9e", "span_id": "", "event": "ledger.write", "event_type": "EXECUTION_WITNESS", "session_id": "default", "correlation_id": "correa986e46f50946e78d079b8f8d9e", "committed": false, "latency_ms": 0.03629992716014385}
{"exported_at": 1777166340.952376, "trace_id": "correa986e46f50946e78d079b8f8d9e", "span_id": "", "event": "ledger.write", "event_type": "JOB_STARTED", "session_id": "default", "correlation_id": "correa986e46f50946e78d079b8f8d9e", "committed": true, "latency_ms": 0.031100003980100155}
{"exported_at": 1777166340.9525793, "trace_id": "correa986e46f50946e78d079b8f8d9e", "span_id": "", "event": "ledger.write", "event_type": "EXECUTION_WITNESS", "session_id": "default", "correlation_id": "correa986e46f50946e78d079b8f8d9e", "committed": false, "latency_ms": 0.047200010158121586}
{"exported_at": 1777166341.3281553, "trace_id": "correa986e46f50946e78d079b8f8d9e", "span_id": "", "event": "ledger.write", "event_type": "JOB_COMPLETED", "session_id": "default", "correlation_id": "correa986e46f50946e78d079b8f8d9e", "committed": true, "latency_ms": 0.07040007039904594}
{"exported_at": 1777166341.3282194, "trace_id": "", "span_id": "", "event": "job.completed", "job_id": "93e0146ab59a4534b571a2ae70b003dc", "session_id": "default", "latency_ms": 375.6358000682667}
{"exported_at": 1777166341.3630958, "trace_id": "corr18d72228203342c493432ad66d4f", "span_id": "", "event": "ledger.write", "event_type": "JOB_SUBMITTED", "session_id": "default", "correlation_id": "corr18d72228203342c493432ad66d4f", "committed": false, "latency_ms": 0.05700008478015661}
{"exported_at": 1777166341.3631895, "trace_id": "corr18d72228203342c493432ad66d4f", "span_id": "", "event": "ledger.write", "event_type": "SESSION_BOUND", "session_id": "default", "correlation_id": "corr18d72228203342c493432ad66d4f", "committed": false, "latency_ms": 0.03799994010478258}
{"exported_at": 1777166341.363274, "trace_id": "corr18d72228203342c493432ad66d4f", "span_id": "", "event": "ledger.write", "event_type": "JOB_QUEUED", "session_id": "default", "correlation_id": "corr18d72228203342c493432ad66d4f", "committed": true, "latency_ms": 0.045199994929134846}
{"exported_at": 1777166341.3633447, "trace_id": "corr18d72228203342c493432ad66d4f", "span_id": "", "event": "ledger.write", "event_type": "EXECUTION_WITNESS", "session_id": "default", "correlation_id": "corr18d72228203342c493432ad66d4f", "committed": false, "latency_ms": 0.03779993858188391}
{"exported_at": 1777166341.363757, "trace_id": "corr18d72228203342c493432ad66d4f", "span_id": "", "event": "ledger.write", "event_type": "EXECUTION_WITNESS", "session_id": "default", "correlation_id": "corr18d72228203342c493432ad66d4f", "committed": false, "latency_ms": 0.037499936297535896}
{"exported_at": 1777166341.363838, "trace_id": "corr18d72228203342c493432ad66d4f", "span_id": "", "event": "ledger.write", "event_type": "JOB_STARTED", "session_id": "default", "correlation_id": "corr18d72228203342c493432ad66d4f", "committed": true, "latency_ms": 0.03270001616328955}
{"exported_at": 1777166341.3640304, "trace_id": "corr18d72228203342c493432ad66d4f", "span_id": "", "event": "ledger.write", "event_type": "EXECUTION_WITNESS", "session_id": "default", "correlation_id": "corr18d72228203342c493432ad66d4f", "committed": false, "latency_ms": 0.03709993325173855}
{"exported_at": 1777166341.701411, "trace_id": "corr18d72228203342c493432ad66d4f", "span_id": "", "event": "ledger.write", "event_type": "JOB_FAILED", "session_id": "default", "correlation_id": "corr18d72228203342c493432ad66d4f", "committed": true, "latency_ms": 0.060699996538460255}
{"exported_at": 1777166341.7060087, "trace_id": "corre1f853c4aa964686b0a8f40340e2", "span_id": "", "event": "ledger.write", "event_type": "GRAPH_EXECUTION_FAILED", "session_id": "c066db7c5d0c462b93f123864adb87a4", "correlation_id": "corre1f853c4aa964686b0a8f40340e2", "committed": true, "latency_ms": 0.06379990372806787}
------------------------------ Captured log call ------------------------------
ERROR    dadbot.core.kernel:kernel.py:171 TurnKernel: step 'SaveNode' raised: relationship_projection restart crash injection turn=3
ERROR    dadbot.core.dadbot:dadbot.py:1224 Graph execution failed in sync mode; strict mode forbids alternate execution paths
Traceback (most recent call last):
  File "C:\Users\josep\OneDrive\Desktop\Dad-Bot\dadbot\core\dadbot.py", line 1251, in process_user_message
    return self._run_graph_turn_sync(user_input, attachments=attachments)
           ~~~~~~~~~~~~~~~~~~~~~~~~~^^^^^^^^^^^^^^^^^^^^^^^^^^^^^^^^^^^^^
  File "C:\Users\josep\OneDrive\Desktop\Dad-Bot\dadbot\core\dadbot.py", line 649, in _run_graph_turn_sync
    return asyncio.run(coro)
           ~~~~~~~~~~~^^^^^^
  File "C:\Users\josep\AppData\Local\Programs\Python\Python313\Lib\asyncio\runners.py", line 195, in run
    return runner.run(main)
           ~~~~~~~~~~^^^^^^
  File "C:\Users\josep\AppData\Local\Programs\Python\Python313\Lib\asyncio\runners.py", line 118, in run
    return self._loop.run_until_complete(task)
           ~~~~~~~~~~~~~~~~~~~~~~~~~~~~~^^^^^^
  File "C:\Users\josep\AppData\Local\Programs\Python\Python313\Lib\asyncio\base_events.py", line 725, in run_until_complete
    return future.result()
           ~~~~~~~~~~~~~^^
  File "C:\Users\josep\OneDrive\Desktop\Dad-Bot\dadbot\core\dadbot.py", line 620, in _run_graph_turn_async
    return await self.turn_orchestrator.handle_turn(user_input, attachments=attachments)
           ^^^^^^^^^^^^^^^^^^^^^^^^^^^^^^^^^^^^^^^^^^^^^^^^^^^^^^^^^^^^^^^^^^^^^^^^^^^^^
  File "C:\Users\josep\OneDrive\Desktop\Dad-Bot\dadbot\core\orchestrator.py", line 215, in handle_turn
    return await self.control_plane.submit_turn(
           ^^^^^^^^^^^^^^^^^^^^^^^^^^^^^^^^^^^^^
    ...<4 lines>...
    )
    ^
  File "C:\Users\josep\OneDrive\Desktop\Dad-Bot\dadbot\core\control_plane.py", line 447, in submit_turn
    result = await future
             ^^^^^^^^^^^^
  File "C:\Users\josep\OneDrive\Desktop\Dad-Bot\dadbot\core\control_plane.py", line 217, in drain_once
    result = await executor(session, job)
             ^^^^^^^^^^^^^^^^^^^^^^^^^^^^
  File "C:\Users\josep\OneDrive\Desktop\Dad-Bot\dadbot\core\control_plane.py", line 336, in _kernel_executor_with_boundary
    return await self._kernel_executor(session, job)
           ^^^^^^^^^^^^^^^^^^^^^^^^^^^^^^^^^^^^^^^^^
  File "C:\Users\josep\OneDrive\Desktop\Dad-Bot\dadbot\core\orchestrator.py", line 194, in _execute_job
    result = await self.graph.execute(context)
             ^^^^^^^^^^^^^^^^^^^^^^^^^^^^^^^^^
  File "C:\Users\josep\OneDrive\Desktop\Dad-Bot\dadbot\core\graph.py", line 992, in execute
    turn_context = await self._execution_kernel.run(turn_context, pipeline, _execute_stage)
                   ^^^^^^^^^^^^^^^^^^^^^^^^^^^^^^^^^^^^^^^^^^^^^^^^^^^^^^^^^^^^^^^^^^^^^^^^
  File "C:\Users\josep\OneDrive\Desktop\Dad-Bot\dadbot\core\execution_kernel.py", line 108, in run
    turn_context = await execute_stage(stage_name, stage_obj, turn_context)
                   ^^^^^^^^^^^^^^^^^^^^^^^^^^^^^^^^^^^^^^^^^^^^^^^^^^^^^^^^
  File "C:\Users\josep\OneDrive\Desktop\Dad-Bot\dadbot\core\graph.py", line 967, in _execute_stage
    stage_context = await self._execute_node(node, stage_context)
                    ^^^^^^^^^^^^^^^^^^^^^^^^^^^^^^^^^^^^^^^^^^^^^
  File "C:\Users\josep\OneDrive\Desktop\Dad-Bot\dadbot\core\graph.py", line 854, in _execute_node
    raise RuntimeError(step_result.error)
RuntimeError: relationship_projection restart crash injection turn=3
=========================== short test summary info ===========================
FAILED tests/stress/test_full_execution_trace.py::test_restart_boundary_recovery_audit_matches_clean_execution[relationship_projection-materialize_projection] - assert {'save_boundary': {'history': [{'content': "You are 'Dad'.\nYou are warm, encouraging, informal, supportive, and honest.\nKeep most replies brief and easy to read in a terminal.\nDefault to 2-4 sentences unless Tony asks for more detail.\nPrefer one clear thought at a time over long multi-part answers.\n\nBehavior rules:\n- Always stay in character as a warm, encouraging, slightly old-school dad.\n- Use casual language, dad jokes when appropriate, and short paragraphs.\n- Never be overly formal or robotic.\n- End most replies with the signoff unless it feels unnatural.\n- Be honest but gentle - never harsh or dismissive.\n- Never invent personal facts not present in the profile.\n\nNever contradict established profile facts.\nIf asked about a personal fact that is not in the profile, say you do not want to guess rather than inventing a detail.", 'role': 'system'}, {'content': 'Work felt really heavy today, not sure I handled it well.', 'mood': 'neutral', 'role': 'user'}, {'content': 'Trace path OK. Love you, buddy.', 'role': 'assistant'}, {'content': 'Had a good moment with the kids this evening.', 'mood': 'neutral', 'role': 'user'}, {'content': 'Trace path OK. Love you, buddy.', 'role': 'assistant'}], 'last_mood': 'neutral', 'last_mood_updated_at': '2026-04-25', 'recent_moods': ['neutral', 'neutral'], 'graph': {'edges': [], 'nodes': [], 'updated_at': None}, 'pipeline_completed': False}, 'relationship_projection': {'active_hypothesis': 'supportive_baseline', 'emotional_momentum': 'steady', 'hypotheses': [{'label': 'Supportive Baseline', 'name': 'supportive_baseline', 'probability': 0.52, 'summary': 'Tony is fundamentally trusting and wants steady support, even if a turn is rough.'}, {'label': 'Acute Stress Spike', 'name': 'acute_stress', 'probability': 0.23, 'summary': 'Tony is reacting to current pressure or overload more than to the relationship itself.'}, {'label': 'Guarded Distance', 'name': 'guarded_distance', 'probability': 0.15, 'summary': 'Tony may be holding back or testing safety before opening up further.'}, {'label': 'Positive Rebound', 'name': 'positive_rebound', 'probability': 0.1, 'summary': 'Tony may be emerging from a heavy stretch and reconnecting with relief or momentum.'}], 'last_reflection': 'projection-only', 'openness_level': 45, 'recent_checkins': [], 'recurring_topics': {}, 'trust_level': 45}} == {'save_boundary': {'history': [{'content': "You are 'Dad'.\nYou are warm, encouraging, informal, supportive, and honest.\nKeep most replies brief and easy to read in a terminal.\nDefault to 2-4 sentences unless Tony asks for more detail.\nPrefer one clear thought at a time over long multi-part answers.\n\nBehavior rules:\n- Always stay in character as a warm, encouraging, slightly old-school dad.\n- Use casual language, dad jokes when appropriate, and short paragraphs.\n- Never be overly formal or robotic.\n- End most replies with the signoff unless it feels unnatural.\n- Be honest but gentle - never harsh or dismissive.\n- Never invent personal facts not present in the profile.\n\nNever contradict established profile facts.\nIf asked about a personal fact that is not in the profile, say you do not want to guess rather than inventing a detail.", 'role': 'system'}, {'content': 'Work felt really heavy today, not sure I handled it well.', 'mood': 'neutral', 'role': 'user'}, {'content': 'Trace path OK. Love you, buddy.', 'role': 'assistant'}, {'content': 'Had a good moment with the kids this evening.', 'mood': 'neutral', 'role': 'user'}, {'content': 'Trace path OK. Love you, buddy.', 'role': 'assistant'}], 'last_mood': 'neutral', 'last_mood_updated_at': '2026-04-25', 'recent_moods': ['neutral', 'neutral'], 'graph': {'edges': [], 'nodes': [], 'updated_at': None}, 'pipeline_completed': True}, 'relationship_projection': {'active_hypothesis': 'supportive_baseline', 'emotional_momentum': 'steady', 'hypotheses': [{'label': 'Supportive Baseline', 'name': 'supportive_baseline', 'probability': 0.52, 'summary': 'Tony is fundamentally trusting and wants steady support, even if a turn is rough.'}, {'label': 'Acute Stress Spike', 'name': 'acute_stress', 'probability': 0.23, 'summary': 'Tony is reacting to current pressure or overload more than to the relationship itself.'}, {'label': 'Guarded Distance', 'name': 'guarded_distance', 'probability': 0.15, 'summary': 'Tony may be holding back or testing safety before opening up further.'}, {'label': 'Positive Rebound', 'name': 'positive_rebound', 'probability': 0.1, 'summary': 'Tony may be emerging from a heavy stretch and reconnecting with relief or momentum.'}], 'last_reflection': 'projection-only', 'openness_level': 45, 'recent_checkins': [], 'recurring_topics': {}, 'trust_level': 45}}
  
  Common items:
  {'relationship_projection': {'active_hypothesis': 'supportive_baseline',
                               'emotional_momentum': 'steady',
                               'hypotheses': [{'label': 'Supportive Baseline',
                                               'name': 'supportive_baseline',
                                               'probability': 0.52,
                                               'summary': 'Tony is fundamentally '
                                                          'trusting and wants '
                                                          'steady support, even '
                                                          'if a turn is rough.'},
                                              {'label': 'Acute Stress Spike',
                                               'name': 'acute_stress',
                                               'probability': 0.23,
                                               'summary': 'Tony is reacting to '
                                                          'current pressure or '
                                                          'overload more than to '
                                                          'the relationship '
                                                          'itself.'},
                                              {'label': 'Guarded Distance',
                                               'name': 'guarded_distance',
                                               'probability': 0.15,
                                               'summary': 'Tony may be holding '
                                                          'back or testing '
                                                          'safety before opening '
                                                          'up further.'},
                                              {'label': 'Positive Rebound',
                                               'name': 'positive_rebound',
                                               'probability': 0.1,
                                               'summary': 'Tony may be emerging '
                                                          'from a heavy stretch '
                                                          'and reconnecting with '
                                                          'relief or momentum.'}],
                               'last_reflection': 'projection-only',
                               'openness_level': 45,
                               'recent_checkins': [],
                               'recurring_topics': {},
                               'trust_level': 45}}
  Differing items:
  {'save_boundary': {'graph': {'edges': [], 'nodes': [], 'updated_at': None}, 'history': [{'content': "You are 'Dad'.\nY... path OK. Love you, buddy.', 'role': 'assistant'}], 'last_mood': 'neutral', 'last_mood_updated_at': '2026-04-25', ...}} != {'save_boundary': {'graph': {'edges': [], 'nodes': [], 'updated_at': None}, 'history': [{'content': "You are 'Dad'.\nY... path OK. Love you, buddy.', 'role': 'assistant'}], 'last_mood': 'neutral', 'last_mood_updated_at': '2026-04-25', ...}}
  
  Full diff:
    {
        'relationship_projection': {
            'active_hypothesis': 'supportive_baseline',
            'emotional_momentum': 'steady',
            'hypotheses': [
                {
                    'label': 'Supportive Baseline',
                    'name': 'supportive_baseline',
                    'probability': 0.52,
                    'summary': 'Tony is fundamentally trusting and wants steady support, even '
                    'if a turn is rough.',
                },
                {
                    'label': 'Acute Stress Spike',
                    'name': 'acute_stress',
                    'probability': 0.23,
                    'summary': 'Tony is reacting to current pressure or overload more than to '
                    'the relationship itself.',
                },
                {
                    'label': 'Guarded Distance',
                    'name': 'guarded_distance',
                    'probability': 0.15,
                    'summary': 'Tony may be holding back or testing safety before opening up '
                    'further.',
                },
                {
                    'label': 'Positive Rebound',
                    'name': 'positive_rebound',
                    'probability': 0.1,
                    'summary': 'Tony may be emerging from a heavy stretch and reconnecting '
                    'with relief or momentum.',
                },
            ],
            'last_reflection': 'projection-only',
            'openness_level': 45,
            'recent_checkins': [],
            'recurring_topics': {},
            'trust_level': 45,
        },
        'save_boundary': {
            'graph': {
                'edges': [],
                'nodes': [],
                'updated_at': None,
            },
            'history': [
                {
                    'content': "You are 'Dad'.\n"
                    'You are warm, encouraging, informal, supportive, and honest.\n'
                    'Keep most replies brief and easy to read in a terminal.\n'
                    'Default to 2-4 sentences unless Tony asks for more detail.\n'
                    'Prefer one clear thought at a time over long multi-part '
                    'answers.\n'
                    '\n'
                    'Behavior rules:\n'
                    '- Always stay in character as a warm, encouraging, slightly '
                    'old-school dad.\n'
                    '- Use casual language, dad jokes when appropriate, and short '
                    'paragraphs.\n'
                    '- Never be overly formal or robotic.\n'
                    '- End most replies with the signoff unless it feels '
                    'unnatural.\n'
                    '- Be honest but gentle - never harsh or dismissive.\n'
                    '- Never invent personal facts not present in the profile.\n'
                    '\n'
                    'Never contradict established profile facts.\n'
                    'If asked about a personal fact that is not in the profile, '
                    'say you do not want to guess rather than inventing a detail.',
                    'role': 'system',
                },
                {
                    'content': 'Work felt really heavy today, not sure I handled it well.',
                    'mood': 'neutral',
                    'role': 'user',
                },
                {
                    'content': 'Trace path OK. Love you, buddy.',
                    'role': 'assistant',
                },
                {
                    'content': 'Had a good moment with the kids this evening.',
                    'mood': 'neutral',
                    'role': 'user',
                },
                {
                    'content': 'Trace path OK. Love you, buddy.',
                    'role': 'assistant',
                },
            ],
            'last_mood': 'neutral',
            'last_mood_updated_at': '2026-04-25',
  -         'pipeline_completed': True,
  ?                               ^^^
  +         'pipeline_completed': False,
  ?                               ^^^^
            'recent_moods': [
                'neutral',
                'neutral',
            ],
        },
    }
====================== 1 failed, 15 deselected in 5.63s =======================
