============================= test session starts =============================
platform win32 -- Python 3.13.7, pytest-9.0.3, pluggy-1.6.0 -- C:\Users\josep\OneDrive\Desktop\Dad-Bot\.venv\Scripts\python.exe
cachedir: .pytest_cache
Using --randomly-seed=1043069680
rootdir: C:\Users\josep\OneDrive\Desktop\Dad-Bot
configfile: pyproject.toml
plugins: anyio-4.13.0, mock-3.15.1, randomly-4.1.0
collecting ... collected 16 items / 15 deselected / 1 selected

tests/stress/test_full_execution_trace.py::test_restart_boundary_recovery_audit_matches_clean_execution[relationship_projection-materialize_projection] FAILED [100%]

================================== FAILURES ===================================
_ test_restart_boundary_recovery_audit_matches_clean_execution[relationship_projection-materialize_projection] _
tests\stress\test_full_execution_trace.py:821: in test_restart_boundary_recovery_audit_matches_clean_execution
    assert successful_trace_id and successful_trace_id not in observed_trace_ids
E   AssertionError: assert ('corrd939344cbdd8478e97f82363a739' and 'corrd939344cbdd8478e97f82363a739' not in {'corr90c050f959164f4980376ee2b483', 'corrd19df64cd9d8441797ac9dd1a83f', 'corrd939344cbdd8478e97f82363a739', 'corre23d76ff30fc4615bfc8d020505d'})
---------------------------- Captured stdout call -----------------------------
{"exported_at": 1777166742.2007957, "trace_id": "corra673974e38b047b594fb8271059a", "span_id": "", "event": "ledger.write", "event_type": "JOB_SUBMITTED", "session_id": "default", "correlation_id": "corra673974e38b047b594fb8271059a", "committed": false, "latency_ms": 0.07499998901039362}
{"exported_at": 1777166742.2009609, "trace_id": "corra673974e38b047b594fb8271059a", "span_id": "", "event": "ledger.write", "event_type": "SESSION_BOUND", "session_id": "default", "correlation_id": "corra673974e38b047b594fb8271059a", "committed": false, "latency_ms": 0.04370009992271662}
{"exported_at": 1777166742.201074, "trace_id": "corra673974e38b047b594fb8271059a", "span_id": "", "event": "ledger.write", "event_type": "JOB_QUEUED", "session_id": "default", "correlation_id": "corra673974e38b047b594fb8271059a", "committed": true, "latency_ms": 0.04610000178217888}
{"exported_at": 1777166742.2012346, "trace_id": "corra673974e38b047b594fb8271059a", "span_id": "", "event": "ledger.write", "event_type": "EXECUTION_WITNESS", "session_id": "default", "correlation_id": "corra673974e38b047b594fb8271059a", "committed": false, "latency_ms": 0.039100064896047115}
{"exported_at": 1777166742.2014315, "trace_id": "corra673974e38b047b594fb8271059a", "span_id": "", "event": "ledger.write", "event_type": "EXECUTION_WITNESS", "session_id": "default", "correlation_id": "corra673974e38b047b594fb8271059a", "committed": false, "latency_ms": 0.03560003824532032}
{"exported_at": 1777166742.2015152, "trace_id": "corra673974e38b047b594fb8271059a", "span_id": "", "event": "ledger.write", "event_type": "JOB_STARTED", "session_id": "default", "correlation_id": "corra673974e38b047b594fb8271059a", "committed": true, "latency_ms": 0.0323000131174922}
{"exported_at": 1777166742.2016964, "trace_id": "corra673974e38b047b594fb8271059a", "span_id": "", "event": "ledger.write", "event_type": "EXECUTION_WITNESS", "session_id": "default", "correlation_id": "corra673974e38b047b594fb8271059a", "committed": false, "latency_ms": 0.0366999302059412}
{"exported_at": 1777166742.551799, "trace_id": "corra673974e38b047b594fb8271059a", "span_id": "", "event": "ledger.write", "event_type": "JOB_COMPLETED", "session_id": "default", "correlation_id": "corra673974e38b047b594fb8271059a", "committed": true, "latency_ms": 0.10139995720237494}
{"exported_at": 1777166742.551871, "trace_id": "", "span_id": "", "event": "job.completed", "job_id": "ce640975786e46e29b4c29c3774f959e", "session_id": "default", "latency_ms": 350.12569988612086}
{"exported_at": 1777166742.5826046, "trace_id": "corr6ab41be4450341829caca2c0df2f", "span_id": "", "event": "ledger.write", "event_type": "JOB_SUBMITTED", "session_id": "default", "correlation_id": "corr6ab41be4450341829caca2c0df2f", "committed": false, "latency_ms": 0.05929998587816954}
{"exported_at": 1777166742.5827003, "trace_id": "corr6ab41be4450341829caca2c0df2f", "span_id": "", "event": "ledger.write", "event_type": "SESSION_BOUND", "session_id": "default", "correlation_id": "corr6ab41be4450341829caca2c0df2f", "committed": false, "latency_ms": 0.03730005118995905}
{"exported_at": 1777166742.5827875, "trace_id": "corr6ab41be4450341829caca2c0df2f", "span_id": "", "event": "ledger.write", "event_type": "JOB_QUEUED", "session_id": "default", "correlation_id": "corr6ab41be4450341829caca2c0df2f", "committed": true, "latency_ms": 0.04439998883754015}
{"exported_at": 1777166742.582855, "trace_id": "corr6ab41be4450341829caca2c0df2f", "span_id": "", "event": "ledger.write", "event_type": "EXECUTION_WITNESS", "session_id": "default", "correlation_id": "corr6ab41be4450341829caca2c0df2f", "committed": false, "latency_ms": 0.034800032153725624}
{"exported_at": 1777166742.5831811, "trace_id": "corr6ab41be4450341829caca2c0df2f", "span_id": "", "event": "ledger.write", "event_type": "EXECUTION_WITNESS", "session_id": "default", "correlation_id": "corr6ab41be4450341829caca2c0df2f", "committed": false, "latency_ms": 0.03599992487579584}
{"exported_at": 1777166742.5832655, "trace_id": "corr6ab41be4450341829caca2c0df2f", "span_id": "", "event": "ledger.write", "event_type": "JOB_STARTED", "session_id": "default", "correlation_id": "corr6ab41be4450341829caca2c0df2f", "committed": true, "latency_ms": 0.032100011594593525}
{"exported_at": 1777166742.5835197, "trace_id": "corr6ab41be4450341829caca2c0df2f", "span_id": "", "event": "ledger.write", "event_type": "EXECUTION_WITNESS", "session_id": "default", "correlation_id": "corr6ab41be4450341829caca2c0df2f", "committed": false, "latency_ms": 0.03700004890561104}
{"exported_at": 1777166742.937675, "trace_id": "corr6ab41be4450341829caca2c0df2f", "span_id": "", "event": "ledger.write", "event_type": "JOB_COMPLETED", "session_id": "default", "correlation_id": "corr6ab41be4450341829caca2c0df2f", "committed": true, "latency_ms": 0.06420002318918705}
{"exported_at": 1777166742.9377332, "trace_id": "", "span_id": "", "event": "job.completed", "job_id": "8da2194841e9408e995f8cd0758a8213", "session_id": "default", "latency_ms": 354.2467999504879}
{"exported_at": 1777166742.97076, "trace_id": "corr68ce66b3a333426d82931cd01cd3", "span_id": "", "event": "ledger.write", "event_type": "JOB_SUBMITTED", "session_id": "default", "correlation_id": "corr68ce66b3a333426d82931cd01cd3", "committed": false, "latency_ms": 0.058200093917548656}
{"exported_at": 1777166742.9708505, "trace_id": "corr68ce66b3a333426d82931cd01cd3", "span_id": "", "event": "ledger.write", "event_type": "SESSION_BOUND", "session_id": "default", "correlation_id": "corr68ce66b3a333426d82931cd01cd3", "committed": false, "latency_ms": 0.03520003519952297}
{"exported_at": 1777166742.9709325, "trace_id": "corr68ce66b3a333426d82931cd01cd3", "span_id": "", "event": "ledger.write", "event_type": "JOB_QUEUED", "session_id": "default", "correlation_id": "corr68ce66b3a333426d82931cd01cd3", "committed": true, "latency_ms": 0.043599982745945454}
{"exported_at": 1777166742.9709966, "trace_id": "corr68ce66b3a333426d82931cd01cd3", "span_id": "", "event": "ledger.write", "event_type": "EXECUTION_WITNESS", "session_id": "default", "correlation_id": "corr68ce66b3a333426d82931cd01cd3", "committed": false, "latency_ms": 0.03330002073198557}
{"exported_at": 1777166742.9713757, "trace_id": "corr68ce66b3a333426d82931cd01cd3", "span_id": "", "event": "ledger.write", "event_type": "EXECUTION_WITNESS", "session_id": "default", "correlation_id": "corr68ce66b3a333426d82931cd01cd3", "committed": false, "latency_ms": 0.033100019209086895}
{"exported_at": 1777166742.9714632, "trace_id": "corr68ce66b3a333426d82931cd01cd3", "span_id": "", "event": "ledger.write", "event_type": "JOB_STARTED", "session_id": "default", "correlation_id": "corr68ce66b3a333426d82931cd01cd3", "committed": true, "latency_ms": 0.03090000245720148}
{"exported_at": 1777166742.9716456, "trace_id": "corr68ce66b3a333426d82931cd01cd3", "span_id": "", "event": "ledger.write", "event_type": "EXECUTION_WITNESS", "session_id": "default", "correlation_id": "corr68ce66b3a333426d82931cd01cd3", "committed": false, "latency_ms": 0.03459991421550512}
{"exported_at": 1777166743.38945, "trace_id": "corr68ce66b3a333426d82931cd01cd3", "span_id": "", "event": "ledger.write", "event_type": "JOB_COMPLETED", "session_id": "default", "correlation_id": "corr68ce66b3a333426d82931cd01cd3", "committed": true, "latency_ms": 0.07139996159821749}
{"exported_at": 1777166743.3895059, "trace_id": "", "span_id": "", "event": "job.completed", "job_id": "7bb34a1f5aaf47afb2378c567019254b", "session_id": "default", "latency_ms": 417.86689998116344}
{"exported_at": 1777166743.4221365, "trace_id": "corr8e9206d7d8a44ac7bfa69b3c2d57", "span_id": "", "event": "ledger.write", "event_type": "JOB_SUBMITTED", "session_id": "default", "correlation_id": "corr8e9206d7d8a44ac7bfa69b3c2d57", "committed": false, "latency_ms": 0.07039995398372412}
{"exported_at": 1777166743.4222326, "trace_id": "corr8e9206d7d8a44ac7bfa69b3c2d57", "span_id": "", "event": "ledger.write", "event_type": "SESSION_BOUND", "session_id": "default", "correlation_id": "corr8e9206d7d8a44ac7bfa69b3c2d57", "committed": false, "latency_ms": 0.04030007403343916}
{"exported_at": 1777166743.4223204, "trace_id": "corr8e9206d7d8a44ac7bfa69b3c2d57", "span_id": "", "event": "ledger.write", "event_type": "JOB_QUEUED", "session_id": "default", "correlation_id": "corr8e9206d7d8a44ac7bfa69b3c2d57", "committed": true, "latency_ms": 0.045900000259280205}
{"exported_at": 1777166743.4224455, "trace_id": "corr8e9206d7d8a44ac7bfa69b3c2d57", "span_id": "", "event": "ledger.write", "event_type": "EXECUTION_WITNESS", "session_id": "default", "correlation_id": "corr8e9206d7d8a44ac7bfa69b3c2d57", "committed": false, "latency_ms": 0.03790005575865507}
{"exported_at": 1777166743.4229352, "trace_id": "corr8e9206d7d8a44ac7bfa69b3c2d57", "span_id": "", "event": "ledger.write", "event_type": "EXECUTION_WITNESS", "session_id": "default", "correlation_id": "corr8e9206d7d8a44ac7bfa69b3c2d57", "committed": false, "latency_ms": 0.038400059565901756}
{"exported_at": 1777166743.4230175, "trace_id": "corr8e9206d7d8a44ac7bfa69b3c2d57", "span_id": "", "event": "ledger.write", "event_type": "JOB_STARTED", "session_id": "default", "correlation_id": "corr8e9206d7d8a44ac7bfa69b3c2d57", "committed": true, "latency_ms": 0.03260001540184021}
{"exported_at": 1777166743.4232073, "trace_id": "corr8e9206d7d8a44ac7bfa69b3c2d57", "span_id": "", "event": "ledger.write", "event_type": "EXECUTION_WITNESS", "session_id": "default", "correlation_id": "corr8e9206d7d8a44ac7bfa69b3c2d57", "committed": false, "latency_ms": 0.03670004662126303}
{"exported_at": 1777166743.7762866, "trace_id": "corr8e9206d7d8a44ac7bfa69b3c2d57", "span_id": "", "event": "ledger.write", "event_type": "JOB_COMPLETED", "session_id": "default", "correlation_id": "corr8e9206d7d8a44ac7bfa69b3c2d57", "committed": true, "latency_ms": 0.0790000194683671}
{"exported_at": 1777166743.7763486, "trace_id": "", "span_id": "", "event": "job.completed", "job_id": "e1891c0299fd4f8cb833860d5457a020", "session_id": "default", "latency_ms": 353.1382998917252}
{"exported_at": 1777166743.810896, "trace_id": "corr43666e0e03e149a7b10ab4c7070d", "span_id": "", "event": "ledger.write", "event_type": "JOB_SUBMITTED", "session_id": "default", "correlation_id": "corr43666e0e03e149a7b10ab4c7070d", "committed": false, "latency_ms": 0.0743999844416976}
{"exported_at": 1777166743.8109944, "trace_id": "corr43666e0e03e149a7b10ab4c7070d", "span_id": "", "event": "ledger.write", "event_type": "SESSION_BOUND", "session_id": "default", "correlation_id": "corr43666e0e03e149a7b10ab4c7070d", "committed": false, "latency_ms": 0.0385999446734786}
{"exported_at": 1777166743.8111749, "trace_id": "corr43666e0e03e149a7b10ab4c7070d", "span_id": "", "event": "ledger.write", "event_type": "JOB_QUEUED", "session_id": "default", "correlation_id": "corr43666e0e03e149a7b10ab4c7070d", "committed": true, "latency_ms": 0.13559998478740454}
{"exported_at": 1777166743.8114042, "trace_id": "corr43666e0e03e149a7b10ab4c7070d", "span_id": "", "event": "ledger.write", "event_type": "EXECUTION_WITNESS", "session_id": "default", "correlation_id": "corr43666e0e03e149a7b10ab4c7070d", "committed": false, "latency_ms": 0.07479998748749495}
{"exported_at": 1777166743.8123245, "trace_id": "corr43666e0e03e149a7b10ab4c7070d", "span_id": "", "event": "ledger.write", "event_type": "EXECUTION_WITNESS", "session_id": "default", "correlation_id": "corr43666e0e03e149a7b10ab4c7070d", "committed": false, "latency_ms": 0.053299940191209316}
{"exported_at": 1777166743.8124266, "trace_id": "corr43666e0e03e149a7b10ab4c7070d", "span_id": "", "event": "ledger.write", "event_type": "JOB_STARTED", "session_id": "default", "correlation_id": "corr43666e0e03e149a7b10ab4c7070d", "committed": true, "latency_ms": 0.035800039768218994}
{"exported_at": 1777166743.8126323, "trace_id": "corr43666e0e03e149a7b10ab4c7070d", "span_id": "", "event": "ledger.write", "event_type": "EXECUTION_WITNESS", "session_id": "default", "correlation_id": "corr43666e0e03e149a7b10ab4c7070d", "committed": false, "latency_ms": 0.039199949242174625}
{"exported_at": 1777166744.1746094, "trace_id": "corr43666e0e03e149a7b10ab4c7070d", "span_id": "", "event": "ledger.write", "event_type": "JOB_COMPLETED", "session_id": "default", "correlation_id": "corr43666e0e03e149a7b10ab4c7070d", "committed": true, "latency_ms": 0.06809993647038937}
{"exported_at": 1777166744.1746652, "trace_id": "", "span_id": "", "event": "job.completed", "job_id": "efe9b58b211047cab42708a1aa1e8abe", "session_id": "default", "latency_ms": 362.06299997866154}
{"exported_at": 1777166744.210965, "trace_id": "corrbccbe1dfe3af4b56b5ccb75caa38", "span_id": "", "event": "ledger.write", "event_type": "JOB_SUBMITTED", "session_id": "default", "correlation_id": "corrbccbe1dfe3af4b56b5ccb75caa38", "committed": false, "latency_ms": 0.055999960750341415}
{"exported_at": 1777166744.2110527, "trace_id": "corrbccbe1dfe3af4b56b5ccb75caa38", "span_id": "", "event": "ledger.write", "event_type": "SESSION_BOUND", "session_id": "default", "correlation_id": "corrbccbe1dfe3af4b56b5ccb75caa38", "committed": false, "latency_ms": 0.03599992487579584}
{"exported_at": 1777166744.211135, "trace_id": "corrbccbe1dfe3af4b56b5ccb75caa38", "span_id": "", "event": "ledger.write", "event_type": "JOB_QUEUED", "session_id": "default", "correlation_id": "corrbccbe1dfe3af4b56b5ccb75caa38", "committed": true, "latency_ms": 0.046200002543628216}
{"exported_at": 1777166744.2112, "trace_id": "corrbccbe1dfe3af4b56b5ccb75caa38", "span_id": "", "event": "ledger.write", "event_type": "EXECUTION_WITNESS", "session_id": "default", "correlation_id": "corrbccbe1dfe3af4b56b5ccb75caa38", "committed": false, "latency_ms": 0.0342000275850296}
{"exported_at": 1777166744.2118566, "trace_id": "corrbccbe1dfe3af4b56b5ccb75caa38", "span_id": "", "event": "ledger.write", "event_type": "EXECUTION_WITNESS", "session_id": "default", "correlation_id": "corrbccbe1dfe3af4b56b5ccb75caa38", "committed": false, "latency_ms": 0.03650004509836435}
{"exported_at": 1777166744.2119346, "trace_id": "corrbccbe1dfe3af4b56b5ccb75caa38", "span_id": "", "event": "ledger.write", "event_type": "JOB_STARTED", "session_id": "default", "correlation_id": "corrbccbe1dfe3af4b56b5ccb75caa38", "committed": true, "latency_ms": 0.03190001007169485}
{"exported_at": 1777166744.2121143, "trace_id": "corrbccbe1dfe3af4b56b5ccb75caa38", "span_id": "", "event": "ledger.write", "event_type": "EXECUTION_WITNESS", "session_id": "default", "correlation_id": "corrbccbe1dfe3af4b56b5ccb75caa38", "committed": false, "latency_ms": 0.03550003748387098}
{"exported_at": 1777166744.5640957, "trace_id": "corrbccbe1dfe3af4b56b5ccb75caa38", "span_id": "", "event": "ledger.write", "event_type": "JOB_COMPLETED", "session_id": "default", "correlation_id": "corrbccbe1dfe3af4b56b5ccb75caa38", "committed": true, "latency_ms": 0.07639999967068434}
{"exported_at": 1777166744.5641482, "trace_id": "", "span_id": "", "event": "job.completed", "job_id": "2ced5999439d485081f859eedab7ccb7", "session_id": "default", "latency_ms": 352.0377000095323}
{"exported_at": 1777166744.6115065, "trace_id": "corrb4d058df240d4d399bbef93b8ea8", "span_id": "", "event": "ledger.write", "event_type": "JOB_SUBMITTED", "session_id": "default", "correlation_id": "corrb4d058df240d4d399bbef93b8ea8", "committed": false, "latency_ms": 0.061400001868605614}
{"exported_at": 1777166744.611601, "trace_id": "corrb4d058df240d4d399bbef93b8ea8", "span_id": "", "event": "ledger.write", "event_type": "SESSION_BOUND", "session_id": "default", "correlation_id": "corrb4d058df240d4d399bbef93b8ea8", "committed": false, "latency_ms": 0.038499943912029266}
{"exported_at": 1777166744.6118805, "trace_id": "corrb4d058df240d4d399bbef93b8ea8", "span_id": "", "event": "ledger.write", "event_type": "JOB_QUEUED", "session_id": "default", "correlation_id": "corrb4d058df240d4d399bbef93b8ea8", "committed": true, "latency_ms": 0.12229999992996454}
{"exported_at": 1777166744.612001, "trace_id": "corrb4d058df240d4d399bbef93b8ea8", "span_id": "", "event": "ledger.write", "event_type": "EXECUTION_WITNESS", "session_id": "default", "correlation_id": "corrb4d058df240d4d399bbef93b8ea8", "committed": false, "latency_ms": 0.04509999416768551}
{"exported_at": 1777166744.6127543, "trace_id": "corrb4d058df240d4d399bbef93b8ea8", "span_id": "", "event": "ledger.write", "event_type": "EXECUTION_WITNESS", "session_id": "default", "correlation_id": "corrb4d058df240d4d399bbef93b8ea8", "committed": false, "latency_ms": 0.039899954572319984}
{"exported_at": 1777166744.6128983, "trace_id": "corrb4d058df240d4d399bbef93b8ea8", "span_id": "", "event": "ledger.write", "event_type": "JOB_STARTED", "session_id": "default", "correlation_id": "corrb4d058df240d4d399bbef93b8ea8", "committed": true, "latency_ms": 0.035800039768218994}
{"exported_at": 1777166744.6131108, "trace_id": "corrb4d058df240d4d399bbef93b8ea8", "span_id": "", "event": "ledger.write", "event_type": "EXECUTION_WITNESS", "session_id": "default", "correlation_id": "corrb4d058df240d4d399bbef93b8ea8", "committed": false, "latency_ms": 0.038400059565901756}
{"exported_at": 1777166744.9830706, "trace_id": "corrb4d058df240d4d399bbef93b8ea8", "span_id": "", "event": "ledger.write", "event_type": "JOB_COMPLETED", "session_id": "default", "correlation_id": "corrb4d058df240d4d399bbef93b8ea8", "committed": true, "latency_ms": 0.06609992124140263}
{"exported_at": 1777166744.9831238, "trace_id": "", "span_id": "", "event": "job.completed", "job_id": "79c78a3aab58420da5fbb7dec38223af", "session_id": "default", "latency_ms": 370.0520000420511}
{"exported_at": 1777166745.1294785, "trace_id": "corr83c86fdb2fa042c7834ce089d51c", "span_id": "", "event": "ledger.write", "event_type": "JOB_SUBMITTED", "session_id": "default", "correlation_id": "corr83c86fdb2fa042c7834ce089d51c", "committed": false, "latency_ms": 0.06130000110715628}
{"exported_at": 1777166745.1295726, "trace_id": "corr83c86fdb2fa042c7834ce089d51c", "span_id": "", "event": "ledger.write", "event_type": "SESSION_BOUND", "session_id": "default", "correlation_id": "corr83c86fdb2fa042c7834ce089d51c", "committed": false, "latency_ms": 0.03800005652010441}
{"exported_at": 1777166745.1296575, "trace_id": "corr83c86fdb2fa042c7834ce089d51c", "span_id": "", "event": "ledger.write", "event_type": "JOB_QUEUED", "session_id": "default", "correlation_id": "corr83c86fdb2fa042c7834ce089d51c", "committed": true, "latency_ms": 0.04469999112188816}
{"exported_at": 1777166745.1297243, "trace_id": "corr83c86fdb2fa042c7834ce089d51c", "span_id": "", "event": "ledger.write", "event_type": "EXECUTION_WITNESS", "session_id": "default", "correlation_id": "corr83c86fdb2fa042c7834ce089d51c", "committed": false, "latency_ms": 0.034400029107928276}
{"exported_at": 1777166745.1306818, "trace_id": "corr83c86fdb2fa042c7834ce089d51c", "span_id": "", "event": "ledger.write", "event_type": "EXECUTION_WITNESS", "session_id": "default", "correlation_id": "corr83c86fdb2fa042c7834ce089d51c", "committed": false, "latency_ms": 0.05219993181526661}
{"exported_at": 1777166745.130787, "trace_id": "corr83c86fdb2fa042c7834ce089d51c", "span_id": "", "event": "ledger.write", "event_type": "JOB_STARTED", "session_id": "default", "correlation_id": "corr83c86fdb2fa042c7834ce089d51c", "committed": true, "latency_ms": 0.036499928683042526}
{"exported_at": 1777166745.1310043, "trace_id": "corr83c86fdb2fa042c7834ce089d51c", "span_id": "", "event": "ledger.write", "event_type": "EXECUTION_WITNESS", "session_id": "default", "correlation_id": "corr83c86fdb2fa042c7834ce089d51c", "committed": false, "latency_ms": 0.0412999652326107}
{"exported_at": 1777166745.4688709, "trace_id": "corr83c86fdb2fa042c7834ce089d51c", "span_id": "", "event": "ledger.write", "event_type": "JOB_COMPLETED", "session_id": "default", "correlation_id": "corr83c86fdb2fa042c7834ce089d51c", "committed": true, "latency_ms": 0.0475000124424696}
{"exported_at": 1777166745.4689093, "trace_id": "", "span_id": "", "event": "job.completed", "job_id": "42017590238a4a949d2ec0de184aee92", "session_id": "default", "latency_ms": 337.99250004813075}
{"exported_at": 1777166745.5030658, "trace_id": "corre23d76ff30fc4615bfc8d020505d", "span_id": "", "event": "ledger.write", "event_type": "JOB_SUBMITTED", "session_id": "default", "correlation_id": "corre23d76ff30fc4615bfc8d020505d", "committed": false, "latency_ms": 0.038499943912029266}
{"exported_at": 1777166745.5031214, "trace_id": "corre23d76ff30fc4615bfc8d020505d", "span_id": "", "event": "ledger.write", "event_type": "SESSION_BOUND", "session_id": "default", "correlation_id": "corre23d76ff30fc4615bfc8d020505d", "committed": false, "latency_ms": 0.020400038920342922}
{"exported_at": 1777166745.5031703, "trace_id": "corre23d76ff30fc4615bfc8d020505d", "span_id": "", "event": "ledger.write", "event_type": "JOB_QUEUED", "session_id": "default", "correlation_id": "corre23d76ff30fc4615bfc8d020505d", "committed": true, "latency_ms": 0.024799956008791924}
{"exported_at": 1777166745.5032063, "trace_id": "corre23d76ff30fc4615bfc8d020505d", "span_id": "", "event": "ledger.write", "event_type": "EXECUTION_WITNESS", "session_id": "default", "correlation_id": "corre23d76ff30fc4615bfc8d020505d", "committed": false, "latency_ms": 0.01910002902150154}
{"exported_at": 1777166745.503311, "trace_id": "corre23d76ff30fc4615bfc8d020505d", "span_id": "", "event": "ledger.write", "event_type": "EXECUTION_WITNESS", "session_id": "default", "correlation_id": "corre23d76ff30fc4615bfc8d020505d", "committed": false, "latency_ms": 0.020099920220673084}
{"exported_at": 1777166745.5033498, "trace_id": "corre23d76ff30fc4615bfc8d020505d", "span_id": "", "event": "ledger.write", "event_type": "JOB_STARTED", "session_id": "default", "correlation_id": "corre23d76ff30fc4615bfc8d020505d", "committed": true, "latency_ms": 0.01780001912266016}
{"exported_at": 1777166745.503441, "trace_id": "corre23d76ff30fc4615bfc8d020505d", "span_id": "", "event": "ledger.write", "event_type": "EXECUTION_WITNESS", "session_id": "default", "correlation_id": "corre23d76ff30fc4615bfc8d020505d", "committed": false, "latency_ms": 0.019400031305849552}
{"exported_at": 1777166745.7241945, "trace_id": "corre23d76ff30fc4615bfc8d020505d", "span_id": "", "event": "ledger.write", "event_type": "JOB_COMPLETED", "session_id": "default", "correlation_id": "corre23d76ff30fc4615bfc8d020505d", "committed": true, "latency_ms": 0.04239997360855341}
{"exported_at": 1777166745.7242296, "trace_id": "", "span_id": "", "event": "job.completed", "job_id": "8b1d5d2fbdfb43639c81d300e0e90632", "session_id": "default", "latency_ms": 220.7766999490559}
{"exported_at": 1777166745.7437465, "trace_id": "corr90c050f959164f4980376ee2b483", "span_id": "", "event": "ledger.write", "event_type": "JOB_SUBMITTED", "session_id": "default", "correlation_id": "corr90c050f959164f4980376ee2b483", "committed": false, "latency_ms": 0.03530003596097231}
{"exported_at": 1777166745.7438035, "trace_id": "corr90c050f959164f4980376ee2b483", "span_id": "", "event": "ledger.write", "event_type": "SESSION_BOUND", "session_id": "default", "correlation_id": "corr90c050f959164f4980376ee2b483", "committed": false, "latency_ms": 0.02010003663599491}
{"exported_at": 1777166745.7438495, "trace_id": "corr90c050f959164f4980376ee2b483", "span_id": "", "event": "ledger.write", "event_type": "JOB_QUEUED", "session_id": "default", "correlation_id": "corr90c050f959164f4980376ee2b483", "committed": true, "latency_ms": 0.02489995677024126}
{"exported_at": 1777166745.7438836, "trace_id": "corr90c050f959164f4980376ee2b483", "span_id": "", "event": "ledger.write", "event_type": "EXECUTION_WITNESS", "session_id": "default", "correlation_id": "corr90c050f959164f4980376ee2b483", "committed": false, "latency_ms": 0.018700025975704193}
{"exported_at": 1777166745.7440686, "trace_id": "corr90c050f959164f4980376ee2b483", "span_id": "", "event": "ledger.write", "event_type": "EXECUTION_WITNESS", "session_id": "default", "correlation_id": "corr90c050f959164f4980376ee2b483", "committed": false, "latency_ms": 0.018000020645558834}
{"exported_at": 1777166745.744107, "trace_id": "corr90c050f959164f4980376ee2b483", "span_id": "", "event": "ledger.write", "event_type": "JOB_STARTED", "session_id": "default", "correlation_id": "corr90c050f959164f4980376ee2b483", "committed": true, "latency_ms": 0.01650000922381878}
{"exported_at": 1777166745.7442153, "trace_id": "corr90c050f959164f4980376ee2b483", "span_id": "", "event": "ledger.write", "event_type": "EXECUTION_WITNESS", "session_id": "default", "correlation_id": "corr90c050f959164f4980376ee2b483", "committed": false, "latency_ms": 0.02059992402791977}
{"exported_at": 1777166745.9501488, "trace_id": "corr90c050f959164f4980376ee2b483", "span_id": "", "event": "ledger.write", "event_type": "JOB_COMPLETED", "session_id": "default", "correlation_id": "corr90c050f959164f4980376ee2b483", "committed": true, "latency_ms": 0.04020007327198982}
{"exported_at": 1777166745.950184, "trace_id": "", "span_id": "", "event": "job.completed", "job_id": "86eabf572efe477a8c42e1a10acd6596", "session_id": "default", "latency_ms": 205.97619994077832}
{"exported_at": 1777166745.9723918, "trace_id": "corrd19df64cd9d8441797ac9dd1a83f", "span_id": "", "event": "ledger.write", "event_type": "JOB_SUBMITTED", "session_id": "default", "correlation_id": "corrd19df64cd9d8441797ac9dd1a83f", "committed": false, "latency_ms": 0.035800039768218994}
{"exported_at": 1777166745.9724493, "trace_id": "corrd19df64cd9d8441797ac9dd1a83f", "span_id": "", "event": "ledger.write", "event_type": "SESSION_BOUND", "session_id": "default", "correlation_id": "corrd19df64cd9d8441797ac9dd1a83f", "committed": false, "latency_ms": 0.02010003663599491}
{"exported_at": 1777166745.9724927, "trace_id": "corrd19df64cd9d8441797ac9dd1a83f", "span_id": "", "event": "ledger.write", "event_type": "JOB_QUEUED", "session_id": "default", "correlation_id": "corrd19df64cd9d8441797ac9dd1a83f", "committed": true, "latency_ms": 0.023499946109950542}
{"exported_at": 1777166745.9725258, "trace_id": "corrd19df64cd9d8441797ac9dd1a83f", "span_id": "", "event": "ledger.write", "event_type": "EXECUTION_WITNESS", "session_id": "default", "correlation_id": "corrd19df64cd9d8441797ac9dd1a83f", "committed": false, "latency_ms": 0.018000020645558834}
{"exported_at": 1777166745.9727652, "trace_id": "corrd19df64cd9d8441797ac9dd1a83f", "span_id": "", "event": "ledger.write", "event_type": "EXECUTION_WITNESS", "session_id": "default", "correlation_id": "corrd19df64cd9d8441797ac9dd1a83f", "committed": false, "latency_ms": 0.01910002902150154}
{"exported_at": 1777166745.9728057, "trace_id": "corrd19df64cd9d8441797ac9dd1a83f", "span_id": "", "event": "ledger.write", "event_type": "JOB_STARTED", "session_id": "default", "correlation_id": "corrd19df64cd9d8441797ac9dd1a83f", "committed": true, "latency_ms": 0.017600017599761486}
{"exported_at": 1777166745.9729214, "trace_id": "corrd19df64cd9d8441797ac9dd1a83f", "span_id": "", "event": "ledger.write", "event_type": "EXECUTION_WITNESS", "session_id": "default", "correlation_id": "corrd19df64cd9d8441797ac9dd1a83f", "committed": false, "latency_ms": 0.021700048819184303}
{"exported_at": 1777166746.162705, "trace_id": "corrd19df64cd9d8441797ac9dd1a83f", "span_id": "", "event": "ledger.write", "event_type": "JOB_FAILED", "session_id": "default", "correlation_id": "corrd19df64cd9d8441797ac9dd1a83f", "committed": true, "latency_ms": 0.03920006565749645}
{"exported_at": 1777166746.1652508, "trace_id": "corrd939344cbdd8478e97f82363a739", "span_id": "", "event": "ledger.write", "event_type": "GRAPH_EXECUTION_FAILED", "session_id": "7c91efb1744b413983d66c950f35c4ed", "correlation_id": "corrd939344cbdd8478e97f82363a739", "committed": true, "latency_ms": 0.039199949242174625}
{"exported_at": 1777166746.3348837, "trace_id": "corrd939344cbdd8478e97f82363a739", "span_id": "", "event": "ledger.write", "event_type": "JOB_SUBMITTED", "session_id": "default", "correlation_id": "corrd939344cbdd8478e97f82363a739", "committed": false, "latency_ms": 0.035100034438073635}
{"exported_at": 1777166746.3349357, "trace_id": "corrd939344cbdd8478e97f82363a739", "span_id": "", "event": "ledger.write", "event_type": "SESSION_BOUND", "session_id": "default", "correlation_id": "corrd939344cbdd8478e97f82363a739", "committed": false, "latency_ms": 0.01919991336762905}
{"exported_at": 1777166746.3349807, "trace_id": "corrd939344cbdd8478e97f82363a739", "span_id": "", "event": "ledger.write", "event_type": "JOB_QUEUED", "session_id": "default", "correlation_id": "corrd939344cbdd8478e97f82363a739", "committed": true, "latency_ms": 0.02389994915574789}
{"exported_at": 1777166746.3350136, "trace_id": "corrd939344cbdd8478e97f82363a739", "span_id": "", "event": "ledger.write", "event_type": "EXECUTION_WITNESS", "session_id": "default", "correlation_id": "corrd939344cbdd8478e97f82363a739", "committed": false, "latency_ms": 0.017700018361210823}
{"exported_at": 1777166746.335117, "trace_id": "corrd939344cbdd8478e97f82363a739", "span_id": "", "event": "ledger.write", "event_type": "EXECUTION_WITNESS", "session_id": "default", "correlation_id": "corrd939344cbdd8478e97f82363a739", "committed": false, "latency_ms": 0.01789990346878767}
{"exported_at": 1777166746.335156, "trace_id": "corrd939344cbdd8478e97f82363a739", "span_id": "", "event": "ledger.write", "event_type": "JOB_STARTED", "session_id": "default", "correlation_id": "corrd939344cbdd8478e97f82363a739", "committed": true, "latency_ms": 0.017000013031065464}
{"exported_at": 1777166746.3352454, "trace_id": "corrd939344cbdd8478e97f82363a739", "span_id": "", "event": "ledger.write", "event_type": "EXECUTION_WITNESS", "session_id": "default", "correlation_id": "corrd939344cbdd8478e97f82363a739", "committed": false, "latency_ms": 0.01880002673715353}
{"exported_at": 1777166746.5956354, "trace_id": "corrd939344cbdd8478e97f82363a739", "span_id": "", "event": "ledger.write", "event_type": "JOB_COMPLETED", "session_id": "default", "correlation_id": "corrd939344cbdd8478e97f82363a739", "committed": true, "latency_ms": 0.0423000892624259}
{"exported_at": 1777166746.5956707, "trace_id": "", "span_id": "", "event": "job.completed", "job_id": "9fdf319ec0d648b3bac68f008fec3799", "session_id": "default", "latency_ms": 260.41170000098646}
{"exported_at": 1777166746.616065, "trace_id": "corrd939344cbdd8478e97f82363a739", "span_id": "", "event": "ledger.write", "event_type": "JOB_SUBMITTED", "session_id": "default", "correlation_id": "corrd939344cbdd8478e97f82363a739", "committed": false, "latency_ms": 0.03599992487579584}
{"exported_at": 1777166746.6161187, "trace_id": "corrd939344cbdd8478e97f82363a739", "span_id": "", "event": "ledger.write", "event_type": "SESSION_BOUND", "session_id": "default", "correlation_id": "corrd939344cbdd8478e97f82363a739", "committed": false, "latency_ms": 0.019300030544400215}
{"exported_at": 1777166746.6161628, "trace_id": "corrd939344cbdd8478e97f82363a739", "span_id": "", "event": "ledger.write", "event_type": "JOB_QUEUED", "session_id": "default", "correlation_id": "corrd939344cbdd8478e97f82363a739", "committed": true, "latency_ms": 0.02480007242411375}
{"exported_at": 1777166746.6161957, "trace_id": "corrd939344cbdd8478e97f82363a739", "span_id": "", "event": "ledger.write", "event_type": "EXECUTION_WITNESS", "session_id": "default", "correlation_id": "corrd939344cbdd8478e97f82363a739", "committed": false, "latency_ms": 0.018000020645558834}
{"exported_at": 1777166746.6163824, "trace_id": "corrd939344cbdd8478e97f82363a739", "span_id": "", "event": "ledger.write", "event_type": "EXECUTION_WITNESS", "session_id": "default", "correlation_id": "corrd939344cbdd8478e97f82363a739", "committed": false, "latency_ms": 0.019399914890527725}
{"exported_at": 1777166746.6164231, "trace_id": "corrd939344cbdd8478e97f82363a739", "span_id": "", "event": "ledger.write", "event_type": "JOB_STARTED", "session_id": "default", "correlation_id": "corrd939344cbdd8478e97f82363a739", "committed": true, "latency_ms": 0.01650000922381878}
{"exported_at": 1777166746.616528, "trace_id": "corrd939344cbdd8478e97f82363a739", "span_id": "", "event": "ledger.write", "event_type": "EXECUTION_WITNESS", "session_id": "default", "correlation_id": "corrd939344cbdd8478e97f82363a739", "committed": false, "latency_ms": 0.019700033590197563}
{"exported_at": 1777166746.8893058, "trace_id": "corrd939344cbdd8478e97f82363a739", "span_id": "", "event": "ledger.write", "event_type": "JOB_COMPLETED", "session_id": "default", "correlation_id": "corrd939344cbdd8478e97f82363a739", "committed": true, "latency_ms": 0.04499999340623617}
{"exported_at": 1777166746.889342, "trace_id": "", "span_id": "", "event": "job.completed", "job_id": "e0fe139298164ff7a1561e03034966ed", "session_id": "default", "latency_ms": 272.8118000086397}
------------------------------ Captured log call ------------------------------
ERROR    dadbot.core.kernel:kernel.py:171 TurnKernel: step 'SaveNode' raised: relationship_projection restart crash injection turn=3
ERROR    dadbot.core.dadbot:dadbot.py:1224 Graph execution failed in sync mode; strict mode forbids alternate execution paths
Traceback (most recent call last):
  File "C:\Users\josep\OneDrive\Desktop\Dad-Bot\dadbot\core\dadbot.py", line 1251, in process_user_message
    return self._run_graph_turn_sync(user_input, attachments=attachments)
           ~~~~~~~~~~~~~~~~~~~~~~~~~^^^^^^^^^^^^^^^^^^^^^^^^^^^^^^^^^^^^^
  File "C:\Users\josep\OneDrive\Desktop\Dad-Bot\dadbot\core\dadbot.py", line 649, in _run_graph_turn_sync
    return asyncio.run(coro)
           ~~~~~~~~~~~^^^^^^
  File "C:\Users\josep\AppData\Local\Programs\Python\Python313\Lib\asyncio\runners.py", line 195, in run
    return runner.run(main)
           ~~~~~~~~~~^^^^^^
  File "C:\Users\josep\AppData\Local\Programs\Python\Python313\Lib\asyncio\runners.py", line 118, in run
    return self._loop.run_until_complete(task)
           ~~~~~~~~~~~~~~~~~~~~~~~~~~~~~^^^^^^
  File "C:\Users\josep\AppData\Local\Programs\Python\Python313\Lib\asyncio\base_events.py", line 725, in run_until_complete
    return future.result()
           ~~~~~~~~~~~~~^^
  File "C:\Users\josep\OneDrive\Desktop\Dad-Bot\dadbot\core\dadbot.py", line 620, in _run_graph_turn_async
    return await self.turn_orchestrator.handle_turn(user_input, attachments=attachments)
           ^^^^^^^^^^^^^^^^^^^^^^^^^^^^^^^^^^^^^^^^^^^^^^^^^^^^^^^^^^^^^^^^^^^^^^^^^^^^^
  File "C:\Users\josep\OneDrive\Desktop\Dad-Bot\dadbot\core\orchestrator.py", line 215, in handle_turn
    return await self.control_plane.submit_turn(
           ^^^^^^^^^^^^^^^^^^^^^^^^^^^^^^^^^^^^^
    ...<4 lines>...
    )
    ^
  File "C:\Users\josep\OneDrive\Desktop\Dad-Bot\dadbot\core\control_plane.py", line 447, in submit_turn
    result = await future
             ^^^^^^^^^^^^
  File "C:\Users\josep\OneDrive\Desktop\Dad-Bot\dadbot\core\control_plane.py", line 217, in drain_once
    result = await executor(session, job)
             ^^^^^^^^^^^^^^^^^^^^^^^^^^^^
  File "C:\Users\josep\OneDrive\Desktop\Dad-Bot\dadbot\core\control_plane.py", line 336, in _kernel_executor_with_boundary
    return await self._kernel_executor(session, job)
           ^^^^^^^^^^^^^^^^^^^^^^^^^^^^^^^^^^^^^^^^^
  File "C:\Users\josep\OneDrive\Desktop\Dad-Bot\dadbot\core\orchestrator.py", line 194, in _execute_job
    result = await self.graph.execute(context)
             ^^^^^^^^^^^^^^^^^^^^^^^^^^^^^^^^^
  File "C:\Users\josep\OneDrive\Desktop\Dad-Bot\dadbot\core\graph.py", line 992, in execute
    turn_context = await self._execution_kernel.run(turn_context, pipeline, _execute_stage)
                   ^^^^^^^^^^^^^^^^^^^^^^^^^^^^^^^^^^^^^^^^^^^^^^^^^^^^^^^^^^^^^^^^^^^^^^^^
  File "C:\Users\josep\OneDrive\Desktop\Dad-Bot\dadbot\core\execution_kernel.py", line 108, in run
    turn_context = await execute_stage(stage_name, stage_obj, turn_context)
                   ^^^^^^^^^^^^^^^^^^^^^^^^^^^^^^^^^^^^^^^^^^^^^^^^^^^^^^^^
  File "C:\Users\josep\OneDrive\Desktop\Dad-Bot\dadbot\core\graph.py", line 967, in _execute_stage
    stage_context = await self._execute_node(node, stage_context)
                    ^^^^^^^^^^^^^^^^^^^^^^^^^^^^^^^^^^^^^^^^^^^^^
  File "C:\Users\josep\OneDrive\Desktop\Dad-Bot\dadbot\core\graph.py", line 854, in _execute_node
    raise RuntimeError(step_result.error)
RuntimeError: relationship_projection restart crash injection turn=3
=========================== short test summary info ===========================
FAILED tests/stress/test_full_execution_trace.py::test_restart_boundary_recovery_audit_matches_clean_execution[relationship_projection-materialize_projection]
====================== 1 failed, 15 deselected in 5.44s =======================
